mode: set
github.com/emergent/emergent-core/pkg/apperror/error.go:20.32,21.23 1 1
github.com/emergent/emergent-core/pkg/apperror/error.go:21.23,23.3 1 1
github.com/emergent/emergent-core/pkg/apperror/error.go:24.2,24.49 1 1
github.com/emergent/emergent-core/pkg/apperror/error.go:28.32,30.2 1 1
github.com/emergent/emergent-core/pkg/apperror/error.go:33.47,38.24 2 1
github.com/emergent/emergent-core/pkg/apperror/error.go:38.24,40.3 1 1
github.com/emergent/emergent-core/pkg/apperror/error.go:41.2,43.4 1 1
github.com/emergent/emergent-core/pkg/apperror/error.go:47.48,54.2 1 1
github.com/emergent/emergent-core/pkg/apperror/error.go:57.52,65.2 1 1
github.com/emergent/emergent-core/pkg/apperror/error.go:68.60,76.2 1 1
github.com/emergent/emergent-core/pkg/apperror/error.go:79.51,85.2 1 1
github.com/emergent/emergent-core/pkg/apperror/error.go:114.51,115.36 1 1
github.com/emergent/emergent-core/pkg/apperror/error.go:115.36,120.30 2 1
github.com/emergent/emergent-core/pkg/apperror/error.go:120.30,122.4 1 1
github.com/emergent/emergent-core/pkg/apperror/error.go:123.3,125.4 1 1
github.com/emergent/emergent-core/pkg/apperror/error.go:129.2,134.3 1 1
github.com/emergent/emergent-core/pkg/apperror/error.go:138.43,140.2 1 1
github.com/emergent/emergent-core/pkg/apperror/error.go:143.50,145.2 1 1
github.com/emergent/emergent-core/pkg/apperror/error.go:148.52,155.2 1 1
github.com/emergent/emergent-core/pkg/apperror/error.go:158.42,160.2 1 1
github.com/emergent/emergent-core/pkg/apperror/handler.go:12.63,13.41 1 1
github.com/emergent/emergent-core/pkg/apperror/handler.go:13.41,14.29 1 1
github.com/emergent/emergent-core/pkg/apperror/handler.go:14.29,16.4 1 1
github.com/emergent/emergent-core/pkg/apperror/handler.go:19.3,26.37 3 1
github.com/emergent/emergent-core/pkg/apperror/handler.go:26.37,30.4 3 1
github.com/emergent/emergent-core/pkg/apperror/handler.go:30.9,30.49 1 1
github.com/emergent/emergent-core/pkg/apperror/handler.go:30.49,35.53 2 1
github.com/emergent/emergent-core/pkg/apperror/handler.go:35.53,36.61 1 1
github.com/emergent/emergent-core/pkg/apperror/handler.go:36.61,38.33 1 1
github.com/emergent/emergent-core/pkg/apperror/handler.go:38.33,40.7 1 1
github.com/emergent/emergent-core/pkg/apperror/handler.go:42.10,42.49 1 1
github.com/emergent/emergent-core/pkg/apperror/handler.go:42.49,45.17 2 1
github.com/emergent/emergent-core/pkg/apperror/handler.go:46.34,47.39 1 1
github.com/emergent/emergent-core/pkg/apperror/handler.go:48.31,49.36 1 1
github.com/emergent/emergent-core/pkg/apperror/handler.go:50.30,51.36 1 1
github.com/emergent/emergent-core/pkg/apperror/handler.go:52.32,53.38 1 1
github.com/emergent/emergent-core/pkg/apperror/handler.go:54.30,55.35 1 1
github.com/emergent/emergent-core/pkg/apperror/handler.go:56.41,57.43 1 1
github.com/emergent/emergent-core/pkg/apperror/handler.go:63.3,63.18 1 1
github.com/emergent/emergent-core/pkg/apperror/handler.go:63.18,68.4 1 1
github.com/emergent/emergent-core/pkg/apperror/handler.go:71.3,76.44 2 1
github.com/emergent/emergent-core/pkg/apperror/handler.go:76.44,78.4 1 1
github.com/emergent/emergent-core/pkg/apperror/handler.go:78.9,80.4 1 1
