mode: set
github.com/emergent/emergent-core/domain/datasource/providers/clickup/client.go:35.42,43.2 1 1
github.com/emergent/emergent-core/domain/datasource/providers/clickup/client.go:58.65,64.2 1 1
github.com/emergent/emergent-core/domain/datasource/providers/clickup/client.go:67.62,68.6 1 1
github.com/emergent/emergent-core/domain/datasource/providers/clickup/client.go:68.6,69.10 1 1
github.com/emergent/emergent-core/domain/datasource/providers/clickup/client.go:70.21,71.20 1 1
github.com/emergent/emergent-core/domain/datasource/providers/clickup/client.go:72.11,72.11 0 1
github.com/emergent/emergent-core/domain/datasource/providers/clickup/client.go:75.3,80.35 4 1
github.com/emergent/emergent-core/domain/datasource/providers/clickup/client.go:80.35,81.27 1 1
github.com/emergent/emergent-core/domain/datasource/providers/clickup/client.go:81.27,83.5 1 1
github.com/emergent/emergent-core/domain/datasource/providers/clickup/client.go:85.3,88.40 2 1
github.com/emergent/emergent-core/domain/datasource/providers/clickup/client.go:88.40,92.4 3 1
github.com/emergent/emergent-core/domain/datasource/providers/clickup/client.go:95.3,100.10 4 1
github.com/emergent/emergent-core/domain/datasource/providers/clickup/client.go:101.21,102.20 1 1
github.com/emergent/emergent-core/domain/datasource/providers/clickup/client.go:103.63,104.12 1 1
github.com/emergent/emergent-core/domain/datasource/providers/clickup/client.go:110.31,114.2 3 1
github.com/emergent/emergent-core/domain/datasource/providers/clickup/client.go:121.96,123.55 1 0
github.com/emergent/emergent-core/domain/datasource/providers/clickup/client.go:123.55,125.3 1 0
github.com/emergent/emergent-core/domain/datasource/providers/clickup/client.go:127.2,128.16 2 0
github.com/emergent/emergent-core/domain/datasource/providers/clickup/client.go:128.16,130.3 1 0
github.com/emergent/emergent-core/domain/datasource/providers/clickup/client.go:132.2,136.16 4 0
github.com/emergent/emergent-core/domain/datasource/providers/clickup/client.go:136.16,138.3 1 0
github.com/emergent/emergent-core/domain/datasource/providers/clickup/client.go:139.2,142.16 3 0
github.com/emergent/emergent-core/domain/datasource/providers/clickup/client.go:142.16,144.3 1 0
github.com/emergent/emergent-core/domain/datasource/providers/clickup/client.go:146.2,146.28 1 0
github.com/emergent/emergent-core/domain/datasource/providers/clickup/client.go:146.28,148.3 1 0
github.com/emergent/emergent-core/domain/datasource/providers/clickup/client.go:150.2,150.18 1 0
github.com/emergent/emergent-core/domain/datasource/providers/clickup/client.go:158.99,162.16 3 0
github.com/emergent/emergent-core/domain/datasource/providers/clickup/client.go:162.16,165.3 2 0
github.com/emergent/emergent-core/domain/datasource/providers/clickup/client.go:167.2,168.56 2 0
github.com/emergent/emergent-core/domain/datasource/providers/clickup/client.go:168.56,170.3 1 0
github.com/emergent/emergent-core/domain/datasource/providers/clickup/client.go:172.2,172.23 1 0
github.com/emergent/emergent-core/domain/datasource/providers/clickup/client.go:176.119,178.14 2 0
github.com/emergent/emergent-core/domain/datasource/providers/clickup/client.go:178.14,182.3 3 0
github.com/emergent/emergent-core/domain/datasource/providers/clickup/client.go:184.2,185.16 2 0
github.com/emergent/emergent-core/domain/datasource/providers/clickup/client.go:185.16,188.3 2 0
github.com/emergent/emergent-core/domain/datasource/providers/clickup/client.go:190.2,191.56 2 0
github.com/emergent/emergent-core/domain/datasource/providers/clickup/client.go:191.56,193.3 1 0
github.com/emergent/emergent-core/domain/datasource/providers/clickup/client.go:195.2,195.23 1 0
github.com/emergent/emergent-core/domain/datasource/providers/clickup/client.go:203.137,206.18 3 0
github.com/emergent/emergent-core/domain/datasource/providers/clickup/client.go:206.18,208.3 1 0
github.com/emergent/emergent-core/domain/datasource/providers/clickup/client.go:209.2,209.20 1 0
github.com/emergent/emergent-core/domain/datasource/providers/clickup/client.go:209.20,211.3 1 0
github.com/emergent/emergent-core/domain/datasource/providers/clickup/client.go:212.2,212.22 1 0
github.com/emergent/emergent-core/domain/datasource/providers/clickup/client.go:212.22,214.3 1 0
github.com/emergent/emergent-core/domain/datasource/providers/clickup/client.go:215.2,218.16 3 0
github.com/emergent/emergent-core/domain/datasource/providers/clickup/client.go:218.16,221.3 2 0
github.com/emergent/emergent-core/domain/datasource/providers/clickup/client.go:223.2,224.56 2 0
github.com/emergent/emergent-core/domain/datasource/providers/clickup/client.go:224.56,226.3 1 0
github.com/emergent/emergent-core/domain/datasource/providers/clickup/client.go:228.2,228.23 1 0
github.com/emergent/emergent-core/domain/datasource/providers/clickup/client.go:232.97,236.16 3 0
github.com/emergent/emergent-core/domain/datasource/providers/clickup/client.go:236.16,239.3 2 0
github.com/emergent/emergent-core/domain/datasource/providers/clickup/client.go:241.2,242.51 2 0
github.com/emergent/emergent-core/domain/datasource/providers/clickup/client.go:242.51,244.3 1 0
github.com/emergent/emergent-core/domain/datasource/providers/clickup/client.go:246.2,246.18 1 0
github.com/emergent/emergent-core/domain/datasource/providers/clickup/client.go:250.104,254.16 3 0
github.com/emergent/emergent-core/domain/datasource/providers/clickup/client.go:254.16,257.3 2 0
github.com/emergent/emergent-core/domain/datasource/providers/clickup/client.go:259.2,260.53 2 0
github.com/emergent/emergent-core/domain/datasource/providers/clickup/client.go:260.53,262.3 1 0
github.com/emergent/emergent-core/domain/datasource/providers/clickup/client.go:264.2,264.19 1 0
github.com/emergent/emergent-core/domain/datasource/providers/clickup/client.go:268.107,272.16 3 0
github.com/emergent/emergent-core/domain/datasource/providers/clickup/client.go:272.16,275.3 2 0
github.com/emergent/emergent-core/domain/datasource/providers/clickup/client.go:277.2,278.52 2 0
github.com/emergent/emergent-core/domain/datasource/providers/clickup/client.go:278.52,280.3 1 0
github.com/emergent/emergent-core/domain/datasource/providers/clickup/client.go:282.2,282.19 1 0
github.com/emergent/emergent-core/domain/datasource/providers/clickup/client.go:286.37,288.2 1 1
github.com/emergent/emergent-core/domain/datasource/providers/clickup/provider.go:78.58,85.2 1 0
github.com/emergent/emergent-core/domain/datasource/providers/clickup/provider.go:88.42,90.2 1 1
github.com/emergent/emergent-core/domain/datasource/providers/clickup/provider.go:93.85,95.16 2 0
github.com/emergent/emergent-core/domain/datasource/providers/clickup/provider.go:95.16,97.3 1 0
github.com/emergent/emergent-core/domain/datasource/providers/clickup/provider.go:100.2,101.16 2 0
github.com/emergent/emergent-core/domain/datasource/providers/clickup/provider.go:101.16,103.3 1 0
github.com/emergent/emergent-core/domain/datasource/providers/clickup/provider.go:105.2,105.26 1 0
github.com/emergent/emergent-core/domain/datasource/providers/clickup/provider.go:105.26,107.3 1 0
github.com/emergent/emergent-core/domain/datasource/providers/clickup/provider.go:109.2,109.12 1 0
github.com/emergent/emergent-core/domain/datasource/providers/clickup/provider.go:113.140,115.16 2 0
github.com/emergent/emergent-core/domain/datasource/providers/clickup/provider.go:115.16,117.3 1 0
github.com/emergent/emergent-core/domain/datasource/providers/clickup/provider.go:119.2,125.37 2 0
github.com/emergent/emergent-core/domain/datasource/providers/clickup/provider.go:125.37,128.3 2 0
github.com/emergent/emergent-core/domain/datasource/providers/clickup/provider.go:131.2,131.23 1 0
github.com/emergent/emergent-core/domain/datasource/providers/clickup/provider.go:131.23,136.3 1 0
github.com/emergent/emergent-core/domain/datasource/providers/clickup/provider.go:139.2,140.16 2 0
github.com/emergent/emergent-core/domain/datasource/providers/clickup/provider.go:140.16,143.3 2 0
github.com/emergent/emergent-core/domain/datasource/providers/clickup/provider.go:145.2,151.35 3 0
github.com/emergent/emergent-core/domain/datasource/providers/clickup/provider.go:151.35,153.17 2 0
github.com/emergent/emergent-core/domain/datasource/providers/clickup/provider.go:153.17,157.12 2 0
github.com/emergent/emergent-core/domain/datasource/providers/clickup/provider.go:159.3,159.37 1 0
github.com/emergent/emergent-core/domain/datasource/providers/clickup/provider.go:162.2,165.57 2 0
github.com/emergent/emergent-core/domain/datasource/providers/clickup/provider.go:165.57,170.3 2 0
github.com/emergent/emergent-core/domain/datasource/providers/clickup/provider.go:173.2,173.55 1 0
github.com/emergent/emergent-core/domain/datasource/providers/clickup/provider.go:173.55,175.3 1 0
github.com/emergent/emergent-core/domain/datasource/providers/clickup/provider.go:178.2,178.23 1 0
github.com/emergent/emergent-core/domain/datasource/providers/clickup/provider.go:178.23,184.3 1 0
github.com/emergent/emergent-core/domain/datasource/providers/clickup/provider.go:187.2,187.30 1 0
github.com/emergent/emergent-core/domain/datasource/providers/clickup/provider.go:187.30,188.10 1 0
github.com/emergent/emergent-core/domain/datasource/providers/clickup/provider.go:189.21,191.28 2 0
github.com/emergent/emergent-core/domain/datasource/providers/clickup/provider.go:192.11,192.11 0 0
github.com/emergent/emergent-core/domain/datasource/providers/clickup/provider.go:195.3,198.17 3 0
github.com/emergent/emergent-core/domain/datasource/providers/clickup/provider.go:198.17,205.4 3 0
github.com/emergent/emergent-core/domain/datasource/providers/clickup/provider.go:205.9,205.21 1 0
github.com/emergent/emergent-core/domain/datasource/providers/clickup/provider.go:205.21,207.4 1 0
github.com/emergent/emergent-core/domain/datasource/providers/clickup/provider.go:207.9,210.4 2 0
github.com/emergent/emergent-core/domain/datasource/providers/clickup/provider.go:213.3,213.37 1 0
github.com/emergent/emergent-core/domain/datasource/providers/clickup/provider.go:213.37,223.4 1 0
github.com/emergent/emergent-core/domain/datasource/providers/clickup/provider.go:227.2,227.23 1 0
github.com/emergent/emergent-core/domain/datasource/providers/clickup/provider.go:227.23,237.3 1 0
github.com/emergent/emergent-core/domain/datasource/providers/clickup/provider.go:239.2,245.20 2 0
github.com/emergent/emergent-core/domain/datasource/providers/clickup/provider.go:253.80,255.16 2 1
github.com/emergent/emergent-core/domain/datasource/providers/clickup/provider.go:255.16,257.3 1 0
github.com/emergent/emergent-core/domain/datasource/providers/clickup/provider.go:259.2,260.61 2 1
github.com/emergent/emergent-core/domain/datasource/providers/clickup/provider.go:260.61,262.3 1 0
github.com/emergent/emergent-core/domain/datasource/providers/clickup/provider.go:264.2,264.34 1 1
github.com/emergent/emergent-core/domain/datasource/providers/clickup/provider.go:264.34,266.3 1 1
github.com/emergent/emergent-core/domain/datasource/providers/clickup/provider.go:268.2,268.28 1 1
github.com/emergent/emergent-core/domain/datasource/providers/clickup/provider.go:272.87,274.36 1 0
github.com/emergent/emergent-core/domain/datasource/providers/clickup/provider.go:274.36,276.43 2 0
github.com/emergent/emergent-core/domain/datasource/providers/clickup/provider.go:276.43,278.4 1 0
github.com/emergent/emergent-core/domain/datasource/providers/clickup/provider.go:279.3,279.18 1 0
github.com/emergent/emergent-core/domain/datasource/providers/clickup/provider.go:283.2,284.16 2 0
github.com/emergent/emergent-core/domain/datasource/providers/clickup/provider.go:284.16,286.3 1 0
github.com/emergent/emergent-core/domain/datasource/providers/clickup/provider.go:288.2,289.32 2 0
github.com/emergent/emergent-core/domain/datasource/providers/clickup/provider.go:289.32,291.3 1 0
github.com/emergent/emergent-core/domain/datasource/providers/clickup/provider.go:293.2,293.17 1 0
github.com/emergent/emergent-core/domain/datasource/providers/clickup/provider.go:297.105,301.6 3 0
github.com/emergent/emergent-core/domain/datasource/providers/clickup/provider.go:301.6,303.17 2 0
github.com/emergent/emergent-core/domain/datasource/providers/clickup/provider.go:303.17,305.4 1 0
github.com/emergent/emergent-core/domain/datasource/providers/clickup/provider.go:307.3,309.28 2 0
github.com/emergent/emergent-core/domain/datasource/providers/clickup/provider.go:309.28,310.9 1 0
github.com/emergent/emergent-core/domain/datasource/providers/clickup/provider.go:312.3,312.27 1 0
github.com/emergent/emergent-core/domain/datasource/providers/clickup/provider.go:315.2,315.21 1 0
github.com/emergent/emergent-core/domain/datasource/providers/clickup/provider.go:319.74,321.27 2 1
github.com/emergent/emergent-core/domain/datasource/providers/clickup/provider.go:321.27,323.17 2 1
github.com/emergent/emergent-core/domain/datasource/providers/clickup/provider.go:323.17,324.12 1 1
github.com/emergent/emergent-core/domain/datasource/providers/clickup/provider.go:326.3,326.26 1 1
github.com/emergent/emergent-core/domain/datasource/providers/clickup/provider.go:326.26,328.4 1 1
github.com/emergent/emergent-core/domain/datasource/providers/clickup/provider.go:330.2,330.17 1 1
github.com/emergent/emergent-core/domain/datasource/providers/clickup/provider.go:335.131,338.16 2 0
github.com/emergent/emergent-core/domain/datasource/providers/clickup/provider.go:338.16,343.3 2 0
github.com/emergent/emergent-core/domain/datasource/providers/clickup/provider.go:346.2,347.16 2 0
github.com/emergent/emergent-core/domain/datasource/providers/clickup/provider.go:347.16,349.3 1 0
github.com/emergent/emergent-core/domain/datasource/providers/clickup/provider.go:351.2,351.21 1 0
github.com/emergent/emergent-core/domain/datasource/providers/clickup/provider.go:351.21,353.96 1 0
github.com/emergent/emergent-core/domain/datasource/providers/clickup/provider.go:353.96,356.4 1 0
github.com/emergent/emergent-core/domain/datasource/providers/clickup/provider.go:359.3,359.92 1 0
github.com/emergent/emergent-core/domain/datasource/providers/clickup/provider.go:359.92,361.4 1 0
github.com/emergent/emergent-core/domain/datasource/providers/clickup/provider.go:362.3,362.33 1 0
github.com/emergent/emergent-core/domain/datasource/providers/clickup/provider.go:366.2,367.16 2 0
github.com/emergent/emergent-core/domain/datasource/providers/clickup/provider.go:367.16,369.3 1 0
github.com/emergent/emergent-core/domain/datasource/providers/clickup/provider.go:371.2,371.26 1 0
github.com/emergent/emergent-core/domain/datasource/providers/clickup/provider.go:375.133,384.16 3 0
github.com/emergent/emergent-core/domain/datasource/providers/clickup/provider.go:384.16,385.50 1 0
github.com/emergent/emergent-core/domain/datasource/providers/clickup/provider.go:385.50,387.4 1 0
github.com/emergent/emergent-core/domain/datasource/providers/clickup/provider.go:388.3,388.55 1 0
github.com/emergent/emergent-core/domain/datasource/providers/clickup/provider.go:391.2,391.18 1 0
github.com/emergent/emergent-core/domain/datasource/providers/clickup/provider.go:395.144,411.26 3 0
github.com/emergent/emergent-core/domain/datasource/providers/clickup/provider.go:411.26,413.3 1 0
github.com/emergent/emergent-core/domain/datasource/providers/clickup/provider.go:416.2,416.23 1 0
github.com/emergent/emergent-core/domain/datasource/providers/clickup/provider.go:416.23,418.3 1 0
github.com/emergent/emergent-core/domain/datasource/providers/clickup/provider.go:420.2,442.56 8 0
github.com/emergent/emergent-core/domain/datasource/providers/clickup/provider.go:442.56,444.3 1 0
github.com/emergent/emergent-core/domain/datasource/providers/clickup/provider.go:446.2,451.25 2 0
github.com/emergent/emergent-core/domain/datasource/providers/clickup/provider.go:455.153,470.26 3 0
github.com/emergent/emergent-core/domain/datasource/providers/clickup/provider.go:470.26,472.3 1 0
github.com/emergent/emergent-core/domain/datasource/providers/clickup/provider.go:474.2,474.23 1 0
github.com/emergent/emergent-core/domain/datasource/providers/clickup/provider.go:474.23,476.3 1 0
github.com/emergent/emergent-core/domain/datasource/providers/clickup/provider.go:478.2,493.16 9 0
github.com/emergent/emergent-core/domain/datasource/providers/clickup/provider.go:493.16,495.3 1 0
github.com/emergent/emergent-core/domain/datasource/providers/clickup/provider.go:497.2,502.12 2 0
github.com/emergent/emergent-core/domain/datasource/providers/clickup/provider.go:506.70,510.21 3 1
github.com/emergent/emergent-core/domain/datasource/providers/clickup/provider.go:510.21,512.3 1 1
github.com/emergent/emergent-core/domain/datasource/providers/clickup/provider.go:512.8,514.3 1 1
github.com/emergent/emergent-core/domain/datasource/providers/clickup/provider.go:516.2,516.20 1 1
github.com/emergent/emergent-core/domain/datasource/providers/clickup/provider.go:520.85,521.29 1 1
github.com/emergent/emergent-core/domain/datasource/providers/clickup/provider.go:521.29,522.22 1 1
github.com/emergent/emergent-core/domain/datasource/providers/clickup/provider.go:522.22,523.12 1 1
github.com/emergent/emergent-core/domain/datasource/providers/clickup/provider.go:527.3,531.25 3 1
github.com/emergent/emergent-core/domain/datasource/providers/clickup/provider.go:531.25,534.4 2 1
github.com/emergent/emergent-core/domain/datasource/providers/clickup/provider.go:537.3,537.26 1 1
github.com/emergent/emergent-core/domain/datasource/providers/clickup/provider.go:537.26,539.4 1 1
github.com/emergent/emergent-core/domain/datasource/providers/clickup/provider.go:544.49,546.29 2 1
github.com/emergent/emergent-core/domain/datasource/providers/clickup/provider.go:546.29,548.26 2 1
github.com/emergent/emergent-core/domain/datasource/providers/clickup/provider.go:548.26,550.4 1 1
github.com/emergent/emergent-core/domain/datasource/providers/clickup/provider.go:552.2,552.14 1 1
