mode: set
github.com/emergent/emergent-core/domain/documents/handler.go:18.40,20.2 1 0
github.com/emergent/emergent-core/domain/documents/handler.go:23.46,25.17 2 0
github.com/emergent/emergent-core/domain/documents/handler.go:25.17,27.3 1 0
github.com/emergent/emergent-core/domain/documents/handler.go:29.2,29.26 1 0
github.com/emergent/emergent-core/domain/documents/handler.go:29.26,31.3 1 0
github.com/emergent/emergent-core/domain/documents/handler.go:34.2,39.55 2 0
github.com/emergent/emergent-core/domain/documents/handler.go:39.55,41.17 2 0
github.com/emergent/emergent-core/domain/documents/handler.go:41.17,43.4 1 0
github.com/emergent/emergent-core/domain/documents/handler.go:44.3,44.23 1 0
github.com/emergent/emergent-core/domain/documents/handler.go:48.2,48.58 1 0
github.com/emergent/emergent-core/domain/documents/handler.go:48.58,50.17 2 0
github.com/emergent/emergent-core/domain/documents/handler.go:50.17,52.4 1 0
github.com/emergent/emergent-core/domain/documents/handler.go:53.3,53.25 1 0
github.com/emergent/emergent-core/domain/documents/handler.go:57.2,57.64 1 0
github.com/emergent/emergent-core/domain/documents/handler.go:57.64,59.3 1 0
github.com/emergent/emergent-core/domain/documents/handler.go:60.2,60.73 1 0
github.com/emergent/emergent-core/domain/documents/handler.go:60.73,62.3 1 0
github.com/emergent/emergent-core/domain/documents/handler.go:63.2,63.62 1 0
github.com/emergent/emergent-core/domain/documents/handler.go:63.62,65.3 1 0
github.com/emergent/emergent-core/domain/documents/handler.go:66.2,66.66 1 0
github.com/emergent/emergent-core/domain/documents/handler.go:66.66,68.3 1 0
github.com/emergent/emergent-core/domain/documents/handler.go:71.2,72.16 2 0
github.com/emergent/emergent-core/domain/documents/handler.go:72.16,74.3 1 0
github.com/emergent/emergent-core/domain/documents/handler.go:77.2,77.30 1 0
github.com/emergent/emergent-core/domain/documents/handler.go:77.30,79.3 1 0
github.com/emergent/emergent-core/domain/documents/handler.go:81.2,81.38 1 0
github.com/emergent/emergent-core/domain/documents/handler.go:85.49,87.17 2 0
github.com/emergent/emergent-core/domain/documents/handler.go:87.17,89.3 1 0
github.com/emergent/emergent-core/domain/documents/handler.go:91.2,91.26 1 0
github.com/emergent/emergent-core/domain/documents/handler.go:91.26,93.3 1 0
github.com/emergent/emergent-core/domain/documents/handler.go:95.2,96.22 2 0
github.com/emergent/emergent-core/domain/documents/handler.go:96.22,98.3 1 0
github.com/emergent/emergent-core/domain/documents/handler.go:100.2,101.16 2 0
github.com/emergent/emergent-core/domain/documents/handler.go:101.16,103.3 1 0
github.com/emergent/emergent-core/domain/documents/handler.go:105.2,105.35 1 0
github.com/emergent/emergent-core/domain/documents/handler.go:109.48,111.17 2 0
github.com/emergent/emergent-core/domain/documents/handler.go:111.17,113.3 1 0
github.com/emergent/emergent-core/domain/documents/handler.go:115.2,115.26 1 0
github.com/emergent/emergent-core/domain/documents/handler.go:115.26,117.3 1 0
github.com/emergent/emergent-core/domain/documents/handler.go:119.2,120.37 2 0
github.com/emergent/emergent-core/domain/documents/handler.go:120.37,122.3 1 0
github.com/emergent/emergent-core/domain/documents/handler.go:125.2,125.52 1 0
github.com/emergent/emergent-core/domain/documents/handler.go:125.52,127.3 1 0
github.com/emergent/emergent-core/domain/documents/handler.go:129.2,134.16 2 0
github.com/emergent/emergent-core/domain/documents/handler.go:134.16,136.3 1 0
github.com/emergent/emergent-core/domain/documents/handler.go:139.2,140.17 2 0
github.com/emergent/emergent-core/domain/documents/handler.go:140.17,142.3 1 0
github.com/emergent/emergent-core/domain/documents/handler.go:144.2,144.28 1 0
github.com/emergent/emergent-core/domain/documents/handler.go:148.48,150.17 2 0
github.com/emergent/emergent-core/domain/documents/handler.go:150.17,152.3 1 0
github.com/emergent/emergent-core/domain/documents/handler.go:154.2,154.26 1 0
github.com/emergent/emergent-core/domain/documents/handler.go:154.26,156.3 1 0
github.com/emergent/emergent-core/domain/documents/handler.go:158.2,159.22 2 0
github.com/emergent/emergent-core/domain/documents/handler.go:159.22,161.3 1 0
github.com/emergent/emergent-core/domain/documents/handler.go:163.2,164.16 2 0
github.com/emergent/emergent-core/domain/documents/handler.go:164.16,166.3 1 0
github.com/emergent/emergent-core/domain/documents/handler.go:168.2,168.40 1 0
github.com/emergent/emergent-core/domain/documents/handler.go:172.52,174.17 2 0
github.com/emergent/emergent-core/domain/documents/handler.go:174.17,176.3 1 0
github.com/emergent/emergent-core/domain/documents/handler.go:178.2,178.26 1 0
github.com/emergent/emergent-core/domain/documents/handler.go:178.26,180.3 1 0
github.com/emergent/emergent-core/domain/documents/handler.go:182.2,183.37 2 0
github.com/emergent/emergent-core/domain/documents/handler.go:183.37,185.3 1 0
github.com/emergent/emergent-core/domain/documents/handler.go:188.2,188.23 1 0
github.com/emergent/emergent-core/domain/documents/handler.go:188.23,190.3 1 0
github.com/emergent/emergent-core/domain/documents/handler.go:192.2,193.16 2 0
github.com/emergent/emergent-core/domain/documents/handler.go:193.16,195.3 1 0
github.com/emergent/emergent-core/domain/documents/handler.go:197.2,197.40 1 0
github.com/emergent/emergent-core/domain/documents/handler.go:201.62,203.29 1 1
github.com/emergent/emergent-core/domain/documents/handler.go:203.29,205.3 1 1
github.com/emergent/emergent-core/domain/documents/handler.go:206.2,206.12 1 1
github.com/emergent/emergent-core/domain/documents/handler.go:210.60,212.22 2 1
github.com/emergent/emergent-core/domain/documents/handler.go:212.22,213.25 1 1
github.com/emergent/emergent-core/domain/documents/handler.go:213.25,215.4 1 1
github.com/emergent/emergent-core/domain/documents/handler.go:216.3,217.14 2 1
github.com/emergent/emergent-core/domain/documents/handler.go:217.14,219.4 1 1
github.com/emergent/emergent-core/domain/documents/handler.go:221.2,221.13 1 1
github.com/emergent/emergent-core/domain/documents/handler.go:221.13,223.3 1 1
github.com/emergent/emergent-core/domain/documents/handler.go:224.2,224.15 1 1
github.com/emergent/emergent-core/domain/documents/repository.go:25.62,30.2 1 0
github.com/emergent/emergent-core/domain/documents/repository.go:33.88,35.23 1 0
github.com/emergent/emergent-core/domain/documents/repository.go:35.23,37.3 1 0
github.com/emergent/emergent-core/domain/documents/repository.go:38.2,38.24 1 0
github.com/emergent/emergent-core/domain/documents/repository.go:38.24,40.3 1 0
github.com/emergent/emergent-core/domain/documents/repository.go:43.2,48.30 2 0
github.com/emergent/emergent-core/domain/documents/repository.go:48.30,50.3 1 0
github.com/emergent/emergent-core/domain/documents/repository.go:51.2,51.33 1 0
github.com/emergent/emergent-core/domain/documents/repository.go:51.33,53.3 1 0
github.com/emergent/emergent-core/domain/documents/repository.go:54.2,54.21 1 0
github.com/emergent/emergent-core/domain/documents/repository.go:54.21,56.3 1 0
github.com/emergent/emergent-core/domain/documents/repository.go:57.2,57.36 1 0
github.com/emergent/emergent-core/domain/documents/repository.go:57.36,59.3 1 0
github.com/emergent/emergent-core/domain/documents/repository.go:62.2,62.26 1 0
github.com/emergent/emergent-core/domain/documents/repository.go:62.26,64.3 1 0
github.com/emergent/emergent-core/domain/documents/repository.go:67.2,71.30 2 0
github.com/emergent/emergent-core/domain/documents/repository.go:71.30,73.3 1 0
github.com/emergent/emergent-core/domain/documents/repository.go:74.2,74.33 1 0
github.com/emergent/emergent-core/domain/documents/repository.go:74.33,76.3 1 0
github.com/emergent/emergent-core/domain/documents/repository.go:77.2,77.21 1 0
github.com/emergent/emergent-core/domain/documents/repository.go:77.21,79.3 1 0
github.com/emergent/emergent-core/domain/documents/repository.go:80.2,80.36 1 0
github.com/emergent/emergent-core/domain/documents/repository.go:80.36,82.3 1 0
github.com/emergent/emergent-core/domain/documents/repository.go:84.2,85.16 2 0
github.com/emergent/emergent-core/domain/documents/repository.go:85.16,87.3 1 0
github.com/emergent/emergent-core/domain/documents/repository.go:90.2,94.52 3 0
github.com/emergent/emergent-core/domain/documents/repository.go:94.52,96.3 1 0
github.com/emergent/emergent-core/domain/documents/repository.go:99.2,100.35 2 0
github.com/emergent/emergent-core/domain/documents/repository.go:100.35,111.3 6 0
github.com/emergent/emergent-core/domain/documents/repository.go:113.2,117.8 1 0
github.com/emergent/emergent-core/domain/documents/repository.go:121.100,129.16 3 0
github.com/emergent/emergent-core/domain/documents/repository.go:129.16,130.27 1 0
github.com/emergent/emergent-core/domain/documents/repository.go:130.27,132.4 1 0
github.com/emergent/emergent-core/domain/documents/repository.go:133.3,133.50 1 0
github.com/emergent/emergent-core/domain/documents/repository.go:136.2,136.18 1 0
github.com/emergent/emergent-core/domain/documents/repository.go:140.110,148.16 3 0
github.com/emergent/emergent-core/domain/documents/repository.go:148.16,149.27 1 0
github.com/emergent/emergent-core/domain/documents/repository.go:149.27,151.4 1 0
github.com/emergent/emergent-core/domain/documents/repository.go:152.3,152.66 1 0
github.com/emergent/emergent-core/domain/documents/repository.go:155.2,155.18 1 0
github.com/emergent/emergent-core/domain/documents/repository.go:159.104,167.16 3 0
github.com/emergent/emergent-core/domain/documents/repository.go:167.16,168.27 1 0
github.com/emergent/emergent-core/domain/documents/repository.go:168.27,170.4 1 0
github.com/emergent/emergent-core/domain/documents/repository.go:171.3,171.63 1 0
github.com/emergent/emergent-core/domain/documents/repository.go:174.2,174.18 1 0
github.com/emergent/emergent-core/domain/documents/repository.go:178.71,184.16 2 0
github.com/emergent/emergent-core/domain/documents/repository.go:184.16,185.37 1 0
github.com/emergent/emergent-core/domain/documents/repository.go:185.37,188.4 1 0
github.com/emergent/emergent-core/domain/documents/repository.go:189.3,189.41 1 0
github.com/emergent/emergent-core/domain/documents/repository.go:189.41,191.4 1 0
github.com/emergent/emergent-core/domain/documents/repository.go:192.3,193.48 2 0
github.com/emergent/emergent-core/domain/documents/repository.go:196.2,196.12 1 0
github.com/emergent/emergent-core/domain/documents/repository.go:201.94,208.16 2 0
github.com/emergent/emergent-core/domain/documents/repository.go:208.16,211.3 2 0
github.com/emergent/emergent-core/domain/documents/repository.go:213.2,214.30 2 0
github.com/emergent/emergent-core/domain/documents/repository.go:219.115,222.75 2 0
github.com/emergent/emergent-core/domain/documents/repository.go:222.75,229.17 2 0
github.com/emergent/emergent-core/domain/documents/repository.go:229.17,231.4 1 0
github.com/emergent/emergent-core/domain/documents/repository.go:232.3,232.43 1 0
github.com/emergent/emergent-core/domain/documents/repository.go:232.43,234.4 1 0
github.com/emergent/emergent-core/domain/documents/repository.go:237.3,243.41 3 0
github.com/emergent/emergent-core/domain/documents/repository.go:243.41,245.4 1 0
github.com/emergent/emergent-core/domain/documents/repository.go:247.3,247.22 1 0
github.com/emergent/emergent-core/domain/documents/repository.go:247.22,255.42 3 0
github.com/emergent/emergent-core/domain/documents/repository.go:255.42,257.5 1 0
github.com/emergent/emergent-core/domain/documents/repository.go:259.4,259.26 1 0
github.com/emergent/emergent-core/domain/documents/repository.go:259.26,265.19 2 0
github.com/emergent/emergent-core/domain/documents/repository.go:265.19,267.6 1 0
github.com/emergent/emergent-core/domain/documents/repository.go:268.5,268.45 1 0
github.com/emergent/emergent-core/domain/documents/repository.go:268.45,270.6 1 0
github.com/emergent/emergent-core/domain/documents/repository.go:273.5,277.19 2 0
github.com/emergent/emergent-core/domain/documents/repository.go:277.19,279.6 1 0
github.com/emergent/emergent-core/domain/documents/repository.go:280.5,280.45 1 0
github.com/emergent/emergent-core/domain/documents/repository.go:280.45,282.6 1 0
github.com/emergent/emergent-core/domain/documents/repository.go:286.4,290.18 2 0
github.com/emergent/emergent-core/domain/documents/repository.go:290.18,292.5 1 0
github.com/emergent/emergent-core/domain/documents/repository.go:293.4,293.44 1 0
github.com/emergent/emergent-core/domain/documents/repository.go:293.44,295.5 1 0
github.com/emergent/emergent-core/domain/documents/repository.go:299.3,303.17 2 0
github.com/emergent/emergent-core/domain/documents/repository.go:303.17,305.4 1 0
github.com/emergent/emergent-core/domain/documents/repository.go:306.3,306.43 1 0
github.com/emergent/emergent-core/domain/documents/repository.go:306.43,308.4 1 0
github.com/emergent/emergent-core/domain/documents/repository.go:311.3,316.17 2 0
github.com/emergent/emergent-core/domain/documents/repository.go:316.17,318.4 1 0
github.com/emergent/emergent-core/domain/documents/repository.go:320.3,321.24 2 0
github.com/emergent/emergent-core/domain/documents/repository.go:321.24,323.4 1 0
github.com/emergent/emergent-core/domain/documents/repository.go:325.3,325.13 1 0
github.com/emergent/emergent-core/domain/documents/repository.go:328.2,328.16 1 0
github.com/emergent/emergent-core/domain/documents/repository.go:328.16,329.46 1 0
github.com/emergent/emergent-core/domain/documents/repository.go:329.46,331.4 1 0
github.com/emergent/emergent-core/domain/documents/repository.go:332.3,333.53 2 0
github.com/emergent/emergent-core/domain/documents/repository.go:336.2,336.21 1 0
github.com/emergent/emergent-core/domain/documents/repository.go:341.139,353.16 5 0
github.com/emergent/emergent-core/domain/documents/repository.go:353.16,355.3 1 0
github.com/emergent/emergent-core/domain/documents/repository.go:358.2,359.33 2 0
github.com/emergent/emergent-core/domain/documents/repository.go:359.33,361.3 1 0
github.com/emergent/emergent-core/domain/documents/repository.go:362.2,362.33 1 0
github.com/emergent/emergent-core/domain/documents/repository.go:362.33,363.23 1 0
github.com/emergent/emergent-core/domain/documents/repository.go:363.23,365.4 1 0
github.com/emergent/emergent-core/domain/documents/repository.go:369.2,369.27 1 0
github.com/emergent/emergent-core/domain/documents/repository.go:369.27,371.3 1 0
github.com/emergent/emergent-core/domain/documents/repository.go:373.2,373.74 1 0
github.com/emergent/emergent-core/domain/documents/repository.go:373.74,380.17 2 0
github.com/emergent/emergent-core/domain/documents/repository.go:380.17,382.4 1 0
github.com/emergent/emergent-core/domain/documents/repository.go:383.3,383.43 1 0
github.com/emergent/emergent-core/domain/documents/repository.go:383.43,385.4 1 0
github.com/emergent/emergent-core/domain/documents/repository.go:388.3,394.41 3 0
github.com/emergent/emergent-core/domain/documents/repository.go:394.41,396.4 1 0
github.com/emergent/emergent-core/domain/documents/repository.go:398.3,398.22 1 0
github.com/emergent/emergent-core/domain/documents/repository.go:398.22,406.42 3 0
github.com/emergent/emergent-core/domain/documents/repository.go:406.42,408.5 1 0
github.com/emergent/emergent-core/domain/documents/repository.go:410.4,410.26 1 0
github.com/emergent/emergent-core/domain/documents/repository.go:410.26,416.19 2 0
github.com/emergent/emergent-core/domain/documents/repository.go:416.19,418.6 1 0
github.com/emergent/emergent-core/domain/documents/repository.go:419.5,419.45 1 0
github.com/emergent/emergent-core/domain/documents/repository.go:419.45,421.6 1 0
github.com/emergent/emergent-core/domain/documents/repository.go:424.5,428.19 2 0
github.com/emergent/emergent-core/domain/documents/repository.go:428.19,430.6 1 0
github.com/emergent/emergent-core/domain/documents/repository.go:431.5,431.45 1 0
github.com/emergent/emergent-core/domain/documents/repository.go:431.45,433.6 1 0
github.com/emergent/emergent-core/domain/documents/repository.go:437.4,441.18 2 0
github.com/emergent/emergent-core/domain/documents/repository.go:441.18,443.5 1 0
github.com/emergent/emergent-core/domain/documents/repository.go:444.4,444.44 1 0
github.com/emergent/emergent-core/domain/documents/repository.go:444.44,446.5 1 0
github.com/emergent/emergent-core/domain/documents/repository.go:450.3,454.17 2 0
github.com/emergent/emergent-core/domain/documents/repository.go:454.17,456.4 1 0
github.com/emergent/emergent-core/domain/documents/repository.go:457.3,457.43 1 0
github.com/emergent/emergent-core/domain/documents/repository.go:457.43,459.4 1 0
github.com/emergent/emergent-core/domain/documents/repository.go:462.3,467.17 2 0
github.com/emergent/emergent-core/domain/documents/repository.go:467.17,469.4 1 0
github.com/emergent/emergent-core/domain/documents/repository.go:471.3,471.13 1 0
github.com/emergent/emergent-core/domain/documents/repository.go:474.2,474.16 1 0
github.com/emergent/emergent-core/domain/documents/repository.go:474.16,477.3 2 0
github.com/emergent/emergent-core/domain/documents/repository.go:479.2,479.31 1 0
github.com/emergent/emergent-core/domain/documents/repository.go:483.51,484.19 1 1
github.com/emergent/emergent-core/domain/documents/repository.go:484.19,486.3 1 1
github.com/emergent/emergent-core/domain/documents/repository.go:488.2,489.16 2 1
github.com/emergent/emergent-core/domain/documents/repository.go:489.16,491.3 1 1
github.com/emergent/emergent-core/domain/documents/repository.go:493.2,494.54 2 1
github.com/emergent/emergent-core/domain/documents/repository.go:494.54,496.3 1 1
github.com/emergent/emergent-core/domain/documents/repository.go:498.2,498.21 1 1
github.com/emergent/emergent-core/domain/documents/routes.go:10.110,33.2 15 0
github.com/emergent/emergent-core/domain/documents/service.go:24.62,29.2 1 0
github.com/emergent/emergent-core/domain/documents/service.go:32.85,34.2 1 0
github.com/emergent/emergent-core/domain/documents/service.go:37.97,39.16 2 0
github.com/emergent/emergent-core/domain/documents/service.go:39.16,41.3 1 0
github.com/emergent/emergent-core/domain/documents/service.go:42.2,42.16 1 0
github.com/emergent/emergent-core/domain/documents/service.go:42.16,44.3 1 0
github.com/emergent/emergent-core/domain/documents/service.go:45.2,45.17 1 0
github.com/emergent/emergent-core/domain/documents/service.go:57.93,60.20 2 0
github.com/emergent/emergent-core/domain/documents/service.go:60.20,62.3 1 0
github.com/emergent/emergent-core/domain/documents/service.go:64.2,65.19 2 0
github.com/emergent/emergent-core/domain/documents/service.go:65.19,67.3 1 0
github.com/emergent/emergent-core/domain/documents/service.go:70.2,74.16 3 0
github.com/emergent/emergent-core/domain/documents/service.go:74.16,76.3 1 0
github.com/emergent/emergent-core/domain/documents/service.go:77.2,77.24 1 0
github.com/emergent/emergent-core/domain/documents/service.go:77.24,83.3 2 0
github.com/emergent/emergent-core/domain/documents/service.go:86.2,98.16 4 0
github.com/emergent/emergent-core/domain/documents/service.go:98.16,100.76 1 0
github.com/emergent/emergent-core/domain/documents/service.go:100.76,102.43 2 0
github.com/emergent/emergent-core/domain/documents/service.go:102.43,104.5 1 0
github.com/emergent/emergent-core/domain/documents/service.go:106.3,106.25 1 0
github.com/emergent/emergent-core/domain/documents/service.go:109.2,114.23 2 0
github.com/emergent/emergent-core/domain/documents/service.go:118.102,120.50 1 0
github.com/emergent/emergent-core/domain/documents/service.go:120.50,122.3 1 0
github.com/emergent/emergent-core/domain/documents/service.go:124.2,125.16 2 0
github.com/emergent/emergent-core/domain/documents/service.go:125.16,127.3 1 0
github.com/emergent/emergent-core/domain/documents/service.go:129.2,138.8 2 0
github.com/emergent/emergent-core/domain/documents/service.go:142.116,144.33 1 0
github.com/emergent/emergent-core/domain/documents/service.go:144.33,145.43 1 0
github.com/emergent/emergent-core/domain/documents/service.go:145.43,147.4 1 0
github.com/emergent/emergent-core/domain/documents/service.go:150.2,151.16 2 0
github.com/emergent/emergent-core/domain/documents/service.go:151.16,153.3 1 0
github.com/emergent/emergent-core/domain/documents/service.go:155.2,157.23 3 0
github.com/emergent/emergent-core/domain/documents/service.go:157.23,159.3 1 0
github.com/emergent/emergent-core/domain/documents/service.go:161.2,173.23 3 0
github.com/emergent/emergent-core/domain/documents/service.go:173.23,175.3 1 0
github.com/emergent/emergent-core/domain/documents/service.go:177.2,177.22 1 0
github.com/emergent/emergent-core/domain/documents/service.go:182.111,185.20 2 0
github.com/emergent/emergent-core/domain/documents/service.go:185.20,187.3 1 0
github.com/emergent/emergent-core/domain/documents/service.go:190.2,191.16 2 0
github.com/emergent/emergent-core/domain/documents/service.go:191.16,193.3 1 0
github.com/emergent/emergent-core/domain/documents/service.go:194.2,194.24 1 0
github.com/emergent/emergent-core/domain/documents/service.go:194.24,205.3 2 0
github.com/emergent/emergent-core/domain/documents/service.go:208.2,231.16 7 0
github.com/emergent/emergent-core/domain/documents/service.go:231.16,233.76 1 0
github.com/emergent/emergent-core/domain/documents/service.go:233.76,235.43 2 0
github.com/emergent/emergent-core/domain/documents/service.go:235.43,241.5 1 0
github.com/emergent/emergent-core/domain/documents/service.go:243.3,243.18 1 0
github.com/emergent/emergent-core/domain/documents/service.go:246.2,256.8 2 0
github.com/emergent/emergent-core/domain/documents/service.go:260.56,262.25 2 1
github.com/emergent/emergent-core/domain/documents/service.go:262.25,264.3 1 1
github.com/emergent/emergent-core/domain/documents/service.go:266.2,267.33 2 1
github.com/emergent/emergent-core/domain/documents/service.go:267.33,269.3 1 1
github.com/emergent/emergent-core/domain/documents/service.go:271.2,280.3 1 1
github.com/emergent/emergent-core/domain/documents/service.go:284.56,286.42 1 1
github.com/emergent/emergent-core/domain/documents/service.go:286.42,288.3 1 1
github.com/emergent/emergent-core/domain/documents/service.go:291.2,301.37 2 1
github.com/emergent/emergent-core/domain/documents/service.go:301.37,302.21 1 1
github.com/emergent/emergent-core/domain/documents/service.go:302.21,304.4 1 1
github.com/emergent/emergent-core/domain/documents/service.go:308.2,308.23 1 1
github.com/emergent/emergent-core/domain/documents/service.go:312.48,315.2 2 1
github.com/emergent/emergent-core/domain/documents/upload_handler.go:29.81,34.2 1 0
github.com/emergent/emergent-core/domain/documents/upload_handler.go:37.54,39.17 2 0
github.com/emergent/emergent-core/domain/documents/upload_handler.go:39.17,41.3 1 0
github.com/emergent/emergent-core/domain/documents/upload_handler.go:43.2,43.26 1 0
github.com/emergent/emergent-core/domain/documents/upload_handler.go:43.26,45.3 1 0
github.com/emergent/emergent-core/domain/documents/upload_handler.go:48.2,48.26 1 0
github.com/emergent/emergent-core/domain/documents/upload_handler.go:48.26,50.3 1 0
github.com/emergent/emergent-core/domain/documents/upload_handler.go:53.2,54.16 2 0
github.com/emergent/emergent-core/domain/documents/upload_handler.go:54.16,56.3 1 0
github.com/emergent/emergent-core/domain/documents/upload_handler.go:59.2,59.31 1 0
github.com/emergent/emergent-core/domain/documents/upload_handler.go:59.31,61.3 1 0
github.com/emergent/emergent-core/domain/documents/upload_handler.go:64.2,65.16 2 0
github.com/emergent/emergent-core/domain/documents/upload_handler.go:65.16,67.3 1 0
github.com/emergent/emergent-core/domain/documents/upload_handler.go:68.2,73.16 4 0
github.com/emergent/emergent-core/domain/documents/upload_handler.go:73.16,75.3 1 0
github.com/emergent/emergent-core/domain/documents/upload_handler.go:76.2,83.62 4 0
github.com/emergent/emergent-core/domain/documents/upload_handler.go:83.62,86.3 1 0
github.com/emergent/emergent-core/domain/documents/upload_handler.go:89.2,105.16 3 0
github.com/emergent/emergent-core/domain/documents/upload_handler.go:105.16,107.3 1 0
github.com/emergent/emergent-core/domain/documents/upload_handler.go:110.2,121.16 2 0
github.com/emergent/emergent-core/domain/documents/upload_handler.go:121.16,125.3 2 0
github.com/emergent/emergent-core/domain/documents/upload_handler.go:128.2,129.26 2 0
github.com/emergent/emergent-core/domain/documents/upload_handler.go:129.26,133.3 2 0
github.com/emergent/emergent-core/domain/documents/upload_handler.go:135.2,135.33 1 0
github.com/emergent/emergent-core/domain/documents/upload_handler.go:139.42,142.2 2 1
