mode: set
github.com/emergent/emergent-core/domain/datasource/config.go:28.26,36.2 1 1
github.com/emergent/emergent-core/domain/datasource/config.go:39.49,41.2 1 1
github.com/emergent/emergent-core/domain/datasource/config.go:44.46,46.2 1 1
github.com/emergent/emergent-core/domain/datasource/config.go:49.51,50.38 1 1
github.com/emergent/emergent-core/domain/datasource/config.go:50.38,51.51 1 1
github.com/emergent/emergent-core/domain/datasource/config.go:51.51,53.4 1 1
github.com/emergent/emergent-core/domain/datasource/config.go:55.2,55.19 1 1
github.com/emergent/emergent-core/domain/datasource/config.go:59.48,60.38 1 1
github.com/emergent/emergent-core/domain/datasource/config.go:60.38,61.46 1 1
github.com/emergent/emergent-core/domain/datasource/config.go:61.46,63.4 1 1
github.com/emergent/emergent-core/domain/datasource/config.go:65.2,65.19 1 1
github.com/emergent/emergent-core/domain/datasource/entity.go:158.45,159.14 1 1
github.com/emergent/emergent-core/domain/datasource/entity.go:159.14,161.3 1 1
github.com/emergent/emergent-core/domain/datasource/entity.go:162.2,162.24 1 1
github.com/emergent/emergent-core/domain/datasource/entity.go:166.46,167.18 1 1
github.com/emergent/emergent-core/domain/datasource/entity.go:167.18,170.3 2 1
github.com/emergent/emergent-core/domain/datasource/entity.go:171.2,172.9 2 1
github.com/emergent/emergent-core/domain/datasource/entity.go:172.9,174.3 1 1
github.com/emergent/emergent-core/domain/datasource/entity.go:175.2,175.33 1 1
github.com/emergent/emergent-core/domain/datasource/entity.go:182.50,183.14 1 1
github.com/emergent/emergent-core/domain/datasource/entity.go:183.14,185.3 1 1
github.com/emergent/emergent-core/domain/datasource/entity.go:186.2,186.24 1 1
github.com/emergent/emergent-core/domain/datasource/entity.go:190.51,191.18 1 1
github.com/emergent/emergent-core/domain/datasource/entity.go:191.18,194.3 2 1
github.com/emergent/emergent-core/domain/datasource/entity.go:195.2,196.9 2 1
github.com/emergent/emergent-core/domain/datasource/entity.go:196.9,198.3 1 1
github.com/emergent/emergent-core/domain/datasource/entity.go:199.2,199.33 1 1
github.com/emergent/emergent-core/domain/datasource/entity.go:206.52,207.14 1 1
github.com/emergent/emergent-core/domain/datasource/entity.go:207.14,209.3 1 1
github.com/emergent/emergent-core/domain/datasource/entity.go:210.2,210.24 1 1
github.com/emergent/emergent-core/domain/datasource/entity.go:214.53,215.18 1 1
github.com/emergent/emergent-core/domain/datasource/entity.go:215.18,218.3 2 1
github.com/emergent/emergent-core/domain/datasource/entity.go:219.2,220.9 2 1
github.com/emergent/emergent-core/domain/datasource/entity.go:220.9,222.3 1 1
github.com/emergent/emergent-core/domain/datasource/entity.go:223.2,223.33 1 1
github.com/emergent/emergent-core/domain/datasource/jobs_service.go:32.84,38.2 1 0
github.com/emergent/emergent-core/domain/datasource/jobs_service.go:41.81,43.16 2 0
github.com/emergent/emergent-core/domain/datasource/jobs_service.go:43.16,45.3 1 0
github.com/emergent/emergent-core/domain/datasource/jobs_service.go:46.2,49.12 2 0
github.com/emergent/emergent-core/domain/datasource/jobs_service.go:53.91,59.16 3 0
github.com/emergent/emergent-core/domain/datasource/jobs_service.go:59.16,60.36 1 0
github.com/emergent/emergent-core/domain/datasource/jobs_service.go:60.36,62.4 1 0
github.com/emergent/emergent-core/domain/datasource/jobs_service.go:63.3,63.18 1 0
github.com/emergent/emergent-core/domain/datasource/jobs_service.go:65.2,65.17 1 0
github.com/emergent/emergent-core/domain/datasource/jobs_service.go:69.121,78.16 3 0
github.com/emergent/emergent-core/domain/datasource/jobs_service.go:78.16,79.36 1 0
github.com/emergent/emergent-core/domain/datasource/jobs_service.go:79.36,81.4 1 0
github.com/emergent/emergent-core/domain/datasource/jobs_service.go:82.3,82.18 1 0
github.com/emergent/emergent-core/domain/datasource/jobs_service.go:84.2,84.17 1 0
github.com/emergent/emergent-core/domain/datasource/jobs_service.go:88.125,96.16 3 0
github.com/emergent/emergent-core/domain/datasource/jobs_service.go:96.16,98.3 1 0
github.com/emergent/emergent-core/domain/datasource/jobs_service.go:99.2,99.18 1 0
github.com/emergent/emergent-core/domain/datasource/jobs_service.go:103.97,106.88 2 0
github.com/emergent/emergent-core/domain/datasource/jobs_service.go:106.88,115.17 2 0
github.com/emergent/emergent-core/domain/datasource/jobs_service.go:115.17,117.4 1 0
github.com/emergent/emergent-core/domain/datasource/jobs_service.go:119.3,119.21 1 0
github.com/emergent/emergent-core/domain/datasource/jobs_service.go:119.21,121.4 1 0
github.com/emergent/emergent-core/domain/datasource/jobs_service.go:124.3,126.28 3 0
github.com/emergent/emergent-core/domain/datasource/jobs_service.go:126.28,130.4 3 0
github.com/emergent/emergent-core/domain/datasource/jobs_service.go:132.3,140.13 2 0
github.com/emergent/emergent-core/domain/datasource/jobs_service.go:143.2,143.16 1 0
github.com/emergent/emergent-core/domain/datasource/jobs_service.go:143.16,145.3 1 0
github.com/emergent/emergent-core/domain/datasource/jobs_service.go:147.2,147.18 1 0
github.com/emergent/emergent-core/domain/datasource/jobs_service.go:151.90,162.2 3 0
github.com/emergent/emergent-core/domain/datasource/jobs_service.go:165.160,180.2 3 0
github.com/emergent/emergent-core/domain/datasource/jobs_service.go:183.97,192.2 3 0
github.com/emergent/emergent-core/domain/datasource/jobs_service.go:195.97,197.16 2 0
github.com/emergent/emergent-core/domain/datasource/jobs_service.go:197.16,199.3 1 0
github.com/emergent/emergent-core/domain/datasource/jobs_service.go:201.2,208.12 3 0
github.com/emergent/emergent-core/domain/datasource/jobs_service.go:212.78,223.16 3 0
github.com/emergent/emergent-core/domain/datasource/jobs_service.go:223.16,225.3 1 0
github.com/emergent/emergent-core/domain/datasource/jobs_service.go:227.2,228.12 2 0
github.com/emergent/emergent-core/domain/datasource/jobs_service.go:232.86,246.18 4 0
github.com/emergent/emergent-core/domain/datasource/jobs_service.go:246.18,248.3 1 0
github.com/emergent/emergent-core/domain/datasource/jobs_service.go:250.2,253.12 2 0
github.com/emergent/emergent-core/domain/datasource/jobs_service.go:258.131,263.30 3 0
github.com/emergent/emergent-core/domain/datasource/jobs_service.go:263.30,276.19 2 0
github.com/emergent/emergent-core/domain/datasource/jobs_service.go:276.19,278.4 1 0
github.com/emergent/emergent-core/domain/datasource/jobs_service.go:280.3,285.20 2 0
github.com/emergent/emergent-core/domain/datasource/jobs_service.go:289.2,290.25 2 0
github.com/emergent/emergent-core/domain/datasource/jobs_service.go:290.25,292.3 1 0
github.com/emergent/emergent-core/domain/datasource/jobs_service.go:293.2,307.18 3 0
github.com/emergent/emergent-core/domain/datasource/jobs_service.go:307.18,309.3 1 0
github.com/emergent/emergent-core/domain/datasource/jobs_service.go:311.2,315.18 2 0
github.com/emergent/emergent-core/domain/datasource/jobs_service.go:319.78,331.16 3 0
github.com/emergent/emergent-core/domain/datasource/jobs_service.go:331.16,333.3 1 0
github.com/emergent/emergent-core/domain/datasource/jobs_service.go:335.2,336.12 2 0
github.com/emergent/emergent-core/domain/datasource/jobs_service.go:341.92,353.16 3 0
github.com/emergent/emergent-core/domain/datasource/jobs_service.go:353.16,355.3 1 0
github.com/emergent/emergent-core/domain/datasource/jobs_service.go:357.2,358.22 2 0
github.com/emergent/emergent-core/domain/datasource/jobs_service.go:358.22,360.3 1 0
github.com/emergent/emergent-core/domain/datasource/jobs_service.go:361.2,361.31 1 0
github.com/emergent/emergent-core/domain/datasource/jobs_service.go:365.102,371.16 3 0
github.com/emergent/emergent-core/domain/datasource/jobs_service.go:371.16,372.36 1 0
github.com/emergent/emergent-core/domain/datasource/jobs_service.go:372.36,374.4 1 0
github.com/emergent/emergent-core/domain/datasource/jobs_service.go:375.3,375.18 1 0
github.com/emergent/emergent-core/domain/datasource/jobs_service.go:377.2,377.25 1 0
github.com/emergent/emergent-core/domain/datasource/jobs_service.go:381.185,390.21 3 0
github.com/emergent/emergent-core/domain/datasource/jobs_service.go:390.21,392.3 1 0
github.com/emergent/emergent-core/domain/datasource/jobs_service.go:393.2,393.19 1 0
github.com/emergent/emergent-core/domain/datasource/jobs_service.go:393.19,396.3 2 0
github.com/emergent/emergent-core/domain/datasource/jobs_service.go:396.8,399.3 2 0
github.com/emergent/emergent-core/domain/datasource/jobs_service.go:401.2,402.12 2 0
github.com/emergent/emergent-core/domain/datasource/jobs_service.go:406.39,408.24 2 1
github.com/emergent/emergent-core/domain/datasource/jobs_service.go:408.24,410.3 1 1
github.com/emergent/emergent-core/domain/datasource/jobs_service.go:411.2,411.21 1 1
github.com/emergent/emergent-core/domain/datasource/jobs_service.go:419.135,426.21 3 0
github.com/emergent/emergent-core/domain/datasource/jobs_service.go:426.21,428.3 1 0
github.com/emergent/emergent-core/domain/datasource/jobs_service.go:430.2,431.16 2 0
github.com/emergent/emergent-core/domain/datasource/jobs_service.go:431.16,433.3 1 0
github.com/emergent/emergent-core/domain/datasource/jobs_service.go:435.2,439.16 2 0
github.com/emergent/emergent-core/domain/datasource/jobs_service.go:439.16,441.3 1 0
github.com/emergent/emergent-core/domain/datasource/jobs_service.go:443.2,443.25 1 0
github.com/emergent/emergent-core/domain/datasource/jobs_service.go:447.83,464.16 3 0
github.com/emergent/emergent-core/domain/datasource/jobs_service.go:464.16,466.3 1 0
github.com/emergent/emergent-core/domain/datasource/jobs_service.go:468.2,469.23 2 0
github.com/emergent/emergent-core/domain/datasource/jobs_service.go:469.23,471.3 1 0
github.com/emergent/emergent-core/domain/datasource/jobs_service.go:473.2,475.12 2 0
github.com/emergent/emergent-core/domain/datasource/jobs_service.go:479.84,485.16 2 0
github.com/emergent/emergent-core/domain/datasource/jobs_service.go:485.16,487.3 1 0
github.com/emergent/emergent-core/domain/datasource/jobs_service.go:489.2,490.23 2 0
github.com/emergent/emergent-core/domain/datasource/jobs_service.go:490.23,492.3 1 0
github.com/emergent/emergent-core/domain/datasource/jobs_service.go:494.2,496.12 2 0
github.com/emergent/emergent-core/domain/datasource/jobs_service.go:500.102,508.16 3 0
github.com/emergent/emergent-core/domain/datasource/jobs_service.go:508.16,510.3 1 0
github.com/emergent/emergent-core/domain/datasource/jobs_service.go:512.2,513.22 2 0
github.com/emergent/emergent-core/domain/datasource/jobs_service.go:513.22,517.3 1 0
github.com/emergent/emergent-core/domain/datasource/jobs_service.go:518.2,518.31 1 0
github.com/emergent/emergent-core/domain/datasource/jobs_service.go:522.107,529.21 3 0
github.com/emergent/emergent-core/domain/datasource/jobs_service.go:529.21,531.3 1 0
github.com/emergent/emergent-core/domain/datasource/jobs_service.go:534.2,535.16 2 0
github.com/emergent/emergent-core/domain/datasource/jobs_service.go:535.16,537.3 1 0
github.com/emergent/emergent-core/domain/datasource/jobs_service.go:538.2,541.15 2 0
github.com/emergent/emergent-core/domain/datasource/jobs_service.go:541.15,550.17 3 0
github.com/emergent/emergent-core/domain/datasource/jobs_service.go:550.17,552.4 1 0
github.com/emergent/emergent-core/domain/datasource/jobs_service.go:555.2,555.19 1 0
github.com/emergent/emergent-core/domain/datasource/module.go:39.65,41.2 1 0
github.com/emergent/emergent-core/domain/datasource/module.go:48.48,50.2 1 0
github.com/emergent/emergent-core/domain/datasource/module.go:52.91,61.2 2 0
github.com/emergent/emergent-core/domain/datasource/module.go:63.144,80.21 4 0
github.com/emergent/emergent-core/domain/datasource/module.go:80.21,81.46 1 0
github.com/emergent/emergent-core/domain/datasource/module.go:81.46,91.4 1 0
github.com/emergent/emergent-core/domain/datasource/module.go:94.2,95.16 2 0
github.com/emergent/emergent-core/domain/datasource/module.go:95.16,97.3 1 0
github.com/emergent/emergent-core/domain/datasource/module.go:100.2,108.8 1 0
github.com/emergent/emergent-core/domain/datasource/module.go:112.82,125.2 6 0
github.com/emergent/emergent-core/domain/datasource/module.go:128.76,129.18 1 0
github.com/emergent/emergent-core/domain/datasource/module.go:129.18,131.3 1 0
github.com/emergent/emergent-core/domain/datasource/module.go:133.2,134.44 1 0
github.com/emergent/emergent-core/domain/datasource/module.go:134.44,136.4 1 0
github.com/emergent/emergent-core/domain/datasource/module.go:137.43,139.4 1 0
github.com/emergent/emergent-core/domain/datasource/provider.go:77.46,81.2 1 1
github.com/emergent/emergent-core/domain/datasource/provider.go:84.56,88.2 3 1
github.com/emergent/emergent-core/domain/datasource/provider.go:91.70,96.2 4 1
github.com/emergent/emergent-core/domain/datasource/provider.go:99.49,103.29 4 1
github.com/emergent/emergent-core/domain/datasource/provider.go:103.29,105.3 1 1
github.com/emergent/emergent-core/domain/datasource/provider.go:106.2,106.14 1 1
github.com/emergent/emergent-core/domain/datasource/provider.go:115.57,117.2 1 1
github.com/emergent/emergent-core/domain/datasource/provider.go:119.46,121.2 1 1
github.com/emergent/emergent-core/domain/datasource/provider.go:123.89,125.2 1 1
github.com/emergent/emergent-core/domain/datasource/provider.go:127.142,129.21 1 1
github.com/emergent/emergent-core/domain/datasource/provider.go:129.21,134.3 1 1
github.com/emergent/emergent-core/domain/datasource/provider.go:136.2,142.8 1 1
github.com/emergent/emergent-core/domain/datasource/worker.go:36.127,44.2 1 0
github.com/emergent/emergent-core/domain/datasource/worker.go:47.51,49.15 2 0
github.com/emergent/emergent-core/domain/datasource/worker.go:49.15,52.3 2 0
github.com/emergent/emergent-core/domain/datasource/worker.go:54.2,54.20 1 0
github.com/emergent/emergent-core/domain/datasource/worker.go:54.20,58.3 3 0
github.com/emergent/emergent-core/domain/datasource/worker.go:60.2,75.12 9 0
github.com/emergent/emergent-core/domain/datasource/worker.go:79.50,81.16 2 0
github.com/emergent/emergent-core/domain/datasource/worker.go:81.16,84.3 2 0
github.com/emergent/emergent-core/domain/datasource/worker.go:85.2,91.9 5 0
github.com/emergent/emergent-core/domain/datasource/worker.go:92.19,93.59 1 0
github.com/emergent/emergent-core/domain/datasource/worker.go:94.20,95.53 1 0
github.com/emergent/emergent-core/domain/datasource/worker.go:98.2,98.12 1 0
github.com/emergent/emergent-core/domain/datasource/worker.go:102.65,104.16 2 0
github.com/emergent/emergent-core/domain/datasource/worker.go:104.16,108.3 2 0
github.com/emergent/emergent-core/domain/datasource/worker.go:109.2,109.19 1 0
github.com/emergent/emergent-core/domain/datasource/worker.go:109.19,112.3 1 0
github.com/emergent/emergent-core/domain/datasource/worker.go:116.43,123.6 5 0
github.com/emergent/emergent-core/domain/datasource/worker.go:123.6,124.10 1 0
github.com/emergent/emergent-core/domain/datasource/worker.go:125.19,126.10 1 0
github.com/emergent/emergent-core/domain/datasource/worker.go:127.21,128.10 1 0
github.com/emergent/emergent-core/domain/datasource/worker.go:129.19,130.46 1 0
github.com/emergent/emergent-core/domain/datasource/worker.go:130.46,133.5 1 0
github.com/emergent/emergent-core/domain/datasource/worker.go:139.58,140.9 1 0
github.com/emergent/emergent-core/domain/datasource/worker.go:141.18,142.13 1 0
github.com/emergent/emergent-core/domain/datasource/worker.go:143.20,144.19 1 0
github.com/emergent/emergent-core/domain/datasource/worker.go:145.10,145.10 0 0
github.com/emergent/emergent-core/domain/datasource/worker.go:148.2,149.16 2 0
github.com/emergent/emergent-core/domain/datasource/worker.go:149.16,151.3 1 0
github.com/emergent/emergent-core/domain/datasource/worker.go:153.2,153.20 1 0
github.com/emergent/emergent-core/domain/datasource/worker.go:153.20,155.3 1 0
github.com/emergent/emergent-core/domain/datasource/worker.go:157.2,157.27 1 0
github.com/emergent/emergent-core/domain/datasource/worker.go:157.27,158.48 1 0
github.com/emergent/emergent-core/domain/datasource/worker.go:158.48,162.4 1 0
github.com/emergent/emergent-core/domain/datasource/worker.go:165.2,165.12 1 0
github.com/emergent/emergent-core/domain/datasource/worker.go:169.80,177.16 4 0
github.com/emergent/emergent-core/domain/datasource/worker.go:177.16,178.69 1 0
github.com/emergent/emergent-core/domain/datasource/worker.go:178.69,182.4 1 0
github.com/emergent/emergent-core/domain/datasource/worker.go:183.3,184.13 2 0
github.com/emergent/emergent-core/domain/datasource/worker.go:188.2,189.9 2 0
github.com/emergent/emergent-core/domain/datasource/worker.go:189.9,191.69 2 0
github.com/emergent/emergent-core/domain/datasource/worker.go:191.69,195.4 1 0
github.com/emergent/emergent-core/domain/datasource/worker.go:196.3,197.13 2 0
github.com/emergent/emergent-core/domain/datasource/worker.go:201.2,201.67 1 0
github.com/emergent/emergent-core/domain/datasource/worker.go:201.67,205.3 1 0
github.com/emergent/emergent-core/domain/datasource/worker.go:208.2,209.78 2 0
github.com/emergent/emergent-core/domain/datasource/worker.go:209.78,214.17 4 0
github.com/emergent/emergent-core/domain/datasource/worker.go:214.17,218.70 2 0
github.com/emergent/emergent-core/domain/datasource/worker.go:218.70,222.5 1 0
github.com/emergent/emergent-core/domain/datasource/worker.go:223.4,224.14 2 0
github.com/emergent/emergent-core/domain/datasource/worker.go:226.3,226.54 1 0
github.com/emergent/emergent-core/domain/datasource/worker.go:227.8,229.3 1 0
github.com/emergent/emergent-core/domain/datasource/worker.go:232.2,243.32 3 0
github.com/emergent/emergent-core/domain/datasource/worker.go:243.32,245.3 1 0
github.com/emergent/emergent-core/domain/datasource/worker.go:248.2,248.39 1 0
github.com/emergent/emergent-core/domain/datasource/worker.go:248.39,258.17 1 0
github.com/emergent/emergent-core/domain/datasource/worker.go:258.17,262.4 1 0
github.com/emergent/emergent-core/domain/datasource/worker.go:266.2,267.16 2 0
github.com/emergent/emergent-core/domain/datasource/worker.go:267.16,271.88 2 0
github.com/emergent/emergent-core/domain/datasource/worker.go:271.88,275.4 1 0
github.com/emergent/emergent-core/domain/datasource/worker.go:278.3,279.21 2 0
github.com/emergent/emergent-core/domain/datasource/worker.go:279.21,283.4 1 0
github.com/emergent/emergent-core/domain/datasource/worker.go:285.3,285.17 1 0
github.com/emergent/emergent-core/domain/datasource/worker.go:285.17,287.4 1 0
github.com/emergent/emergent-core/domain/datasource/worker.go:287.9,289.4 1 0
github.com/emergent/emergent-core/domain/datasource/worker.go:290.3,290.13 1 0
github.com/emergent/emergent-core/domain/datasource/worker.go:294.2,302.16 1 0
github.com/emergent/emergent-core/domain/datasource/worker.go:302.16,306.3 1 0
github.com/emergent/emergent-core/domain/datasource/worker.go:309.2,309.58 1 0
github.com/emergent/emergent-core/domain/datasource/worker.go:309.58,314.3 2 0
github.com/emergent/emergent-core/domain/datasource/worker.go:317.2,318.89 2 0
github.com/emergent/emergent-core/domain/datasource/worker.go:318.89,321.3 2 0
github.com/emergent/emergent-core/domain/datasource/worker.go:322.2,323.83 1 0
github.com/emergent/emergent-core/domain/datasource/worker.go:323.83,327.3 1 0
github.com/emergent/emergent-core/domain/datasource/worker.go:329.2,339.12 4 0
github.com/emergent/emergent-core/domain/datasource/worker.go:343.37,348.2 4 1
github.com/emergent/emergent-core/domain/datasource/worker.go:351.37,356.2 4 1
github.com/emergent/emergent-core/domain/datasource/worker.go:359.40,364.2 4 1
github.com/emergent/emergent-core/domain/datasource/worker.go:367.42,377.2 3 1
github.com/emergent/emergent-core/domain/datasource/worker.go:388.35,392.2 3 1
github.com/emergent/emergent-core/domain/datasource/worker.go:399.36,401.2 1 1
github.com/emergent/emergent-core/domain/datasource/providers/clickup/client.go:35.42,43.2 1 1
github.com/emergent/emergent-core/domain/datasource/providers/clickup/client.go:58.65,64.2 1 1
github.com/emergent/emergent-core/domain/datasource/providers/clickup/client.go:67.62,68.6 1 1
github.com/emergent/emergent-core/domain/datasource/providers/clickup/client.go:68.6,69.10 1 1
github.com/emergent/emergent-core/domain/datasource/providers/clickup/client.go:70.21,71.20 1 1
github.com/emergent/emergent-core/domain/datasource/providers/clickup/client.go:72.11,72.11 0 1
github.com/emergent/emergent-core/domain/datasource/providers/clickup/client.go:75.3,80.35 4 1
github.com/emergent/emergent-core/domain/datasource/providers/clickup/client.go:80.35,81.27 1 1
github.com/emergent/emergent-core/domain/datasource/providers/clickup/client.go:81.27,83.5 1 1
github.com/emergent/emergent-core/domain/datasource/providers/clickup/client.go:85.3,88.40 2 1
github.com/emergent/emergent-core/domain/datasource/providers/clickup/client.go:88.40,92.4 3 1
github.com/emergent/emergent-core/domain/datasource/providers/clickup/client.go:95.3,100.10 4 0
github.com/emergent/emergent-core/domain/datasource/providers/clickup/client.go:101.21,102.20 1 0
github.com/emergent/emergent-core/domain/datasource/providers/clickup/client.go:103.63,104.12 1 0
github.com/emergent/emergent-core/domain/datasource/providers/clickup/client.go:110.31,114.2 3 1
github.com/emergent/emergent-core/domain/datasource/providers/clickup/client.go:121.96,123.55 1 0
github.com/emergent/emergent-core/domain/datasource/providers/clickup/client.go:123.55,125.3 1 0
github.com/emergent/emergent-core/domain/datasource/providers/clickup/client.go:127.2,128.16 2 0
github.com/emergent/emergent-core/domain/datasource/providers/clickup/client.go:128.16,130.3 1 0
github.com/emergent/emergent-core/domain/datasource/providers/clickup/client.go:132.2,136.16 4 0
github.com/emergent/emergent-core/domain/datasource/providers/clickup/client.go:136.16,138.3 1 0
github.com/emergent/emergent-core/domain/datasource/providers/clickup/client.go:139.2,142.16 3 0
github.com/emergent/emergent-core/domain/datasource/providers/clickup/client.go:142.16,144.3 1 0
github.com/emergent/emergent-core/domain/datasource/providers/clickup/client.go:146.2,146.28 1 0
github.com/emergent/emergent-core/domain/datasource/providers/clickup/client.go:146.28,148.3 1 0
github.com/emergent/emergent-core/domain/datasource/providers/clickup/client.go:150.2,150.18 1 0
github.com/emergent/emergent-core/domain/datasource/providers/clickup/client.go:158.99,162.16 3 0
github.com/emergent/emergent-core/domain/datasource/providers/clickup/client.go:162.16,165.3 2 0
github.com/emergent/emergent-core/domain/datasource/providers/clickup/client.go:167.2,168.56 2 0
github.com/emergent/emergent-core/domain/datasource/providers/clickup/client.go:168.56,170.3 1 0
github.com/emergent/emergent-core/domain/datasource/providers/clickup/client.go:172.2,172.23 1 0
github.com/emergent/emergent-core/domain/datasource/providers/clickup/client.go:176.119,178.14 2 0
github.com/emergent/emergent-core/domain/datasource/providers/clickup/client.go:178.14,182.3 3 0
github.com/emergent/emergent-core/domain/datasource/providers/clickup/client.go:184.2,185.16 2 0
github.com/emergent/emergent-core/domain/datasource/providers/clickup/client.go:185.16,188.3 2 0
github.com/emergent/emergent-core/domain/datasource/providers/clickup/client.go:190.2,191.56 2 0
github.com/emergent/emergent-core/domain/datasource/providers/clickup/client.go:191.56,193.3 1 0
github.com/emergent/emergent-core/domain/datasource/providers/clickup/client.go:195.2,195.23 1 0
github.com/emergent/emergent-core/domain/datasource/providers/clickup/client.go:203.137,206.18 3 0
github.com/emergent/emergent-core/domain/datasource/providers/clickup/client.go:206.18,208.3 1 0
github.com/emergent/emergent-core/domain/datasource/providers/clickup/client.go:209.2,209.20 1 0
github.com/emergent/emergent-core/domain/datasource/providers/clickup/client.go:209.20,211.3 1 0
github.com/emergent/emergent-core/domain/datasource/providers/clickup/client.go:212.2,212.22 1 0
github.com/emergent/emergent-core/domain/datasource/providers/clickup/client.go:212.22,214.3 1 0
github.com/emergent/emergent-core/domain/datasource/providers/clickup/client.go:215.2,218.16 3 0
github.com/emergent/emergent-core/domain/datasource/providers/clickup/client.go:218.16,221.3 2 0
github.com/emergent/emergent-core/domain/datasource/providers/clickup/client.go:223.2,224.56 2 0
github.com/emergent/emergent-core/domain/datasource/providers/clickup/client.go:224.56,226.3 1 0
github.com/emergent/emergent-core/domain/datasource/providers/clickup/client.go:228.2,228.23 1 0
github.com/emergent/emergent-core/domain/datasource/providers/clickup/client.go:232.97,236.16 3 0
github.com/emergent/emergent-core/domain/datasource/providers/clickup/client.go:236.16,239.3 2 0
github.com/emergent/emergent-core/domain/datasource/providers/clickup/client.go:241.2,242.51 2 0
github.com/emergent/emergent-core/domain/datasource/providers/clickup/client.go:242.51,244.3 1 0
github.com/emergent/emergent-core/domain/datasource/providers/clickup/client.go:246.2,246.18 1 0
github.com/emergent/emergent-core/domain/datasource/providers/clickup/client.go:250.104,254.16 3 0
github.com/emergent/emergent-core/domain/datasource/providers/clickup/client.go:254.16,257.3 2 0
github.com/emergent/emergent-core/domain/datasource/providers/clickup/client.go:259.2,260.53 2 0
github.com/emergent/emergent-core/domain/datasource/providers/clickup/client.go:260.53,262.3 1 0
github.com/emergent/emergent-core/domain/datasource/providers/clickup/client.go:264.2,264.19 1 0
github.com/emergent/emergent-core/domain/datasource/providers/clickup/client.go:268.107,272.16 3 0
github.com/emergent/emergent-core/domain/datasource/providers/clickup/client.go:272.16,275.3 2 0
github.com/emergent/emergent-core/domain/datasource/providers/clickup/client.go:277.2,278.52 2 0
github.com/emergent/emergent-core/domain/datasource/providers/clickup/client.go:278.52,280.3 1 0
github.com/emergent/emergent-core/domain/datasource/providers/clickup/client.go:282.2,282.19 1 0
github.com/emergent/emergent-core/domain/datasource/providers/clickup/client.go:286.37,288.2 1 1
github.com/emergent/emergent-core/domain/datasource/providers/clickup/provider.go:78.58,85.2 1 0
github.com/emergent/emergent-core/domain/datasource/providers/clickup/provider.go:88.42,90.2 1 1
github.com/emergent/emergent-core/domain/datasource/providers/clickup/provider.go:93.85,95.16 2 0
github.com/emergent/emergent-core/domain/datasource/providers/clickup/provider.go:95.16,97.3 1 0
github.com/emergent/emergent-core/domain/datasource/providers/clickup/provider.go:100.2,101.16 2 0
github.com/emergent/emergent-core/domain/datasource/providers/clickup/provider.go:101.16,103.3 1 0
github.com/emergent/emergent-core/domain/datasource/providers/clickup/provider.go:105.2,105.26 1 0
github.com/emergent/emergent-core/domain/datasource/providers/clickup/provider.go:105.26,107.3 1 0
github.com/emergent/emergent-core/domain/datasource/providers/clickup/provider.go:109.2,109.12 1 0
github.com/emergent/emergent-core/domain/datasource/providers/clickup/provider.go:113.140,115.16 2 0
github.com/emergent/emergent-core/domain/datasource/providers/clickup/provider.go:115.16,117.3 1 0
github.com/emergent/emergent-core/domain/datasource/providers/clickup/provider.go:119.2,125.37 2 0
github.com/emergent/emergent-core/domain/datasource/providers/clickup/provider.go:125.37,128.3 2 0
github.com/emergent/emergent-core/domain/datasource/providers/clickup/provider.go:131.2,131.23 1 0
github.com/emergent/emergent-core/domain/datasource/providers/clickup/provider.go:131.23,136.3 1 0
github.com/emergent/emergent-core/domain/datasource/providers/clickup/provider.go:139.2,140.16 2 0
github.com/emergent/emergent-core/domain/datasource/providers/clickup/provider.go:140.16,143.3 2 0
github.com/emergent/emergent-core/domain/datasource/providers/clickup/provider.go:145.2,151.35 3 0
github.com/emergent/emergent-core/domain/datasource/providers/clickup/provider.go:151.35,153.17 2 0
github.com/emergent/emergent-core/domain/datasource/providers/clickup/provider.go:153.17,157.12 2 0
github.com/emergent/emergent-core/domain/datasource/providers/clickup/provider.go:159.3,159.37 1 0
github.com/emergent/emergent-core/domain/datasource/providers/clickup/provider.go:162.2,165.57 2 0
github.com/emergent/emergent-core/domain/datasource/providers/clickup/provider.go:165.57,170.3 2 0
github.com/emergent/emergent-core/domain/datasource/providers/clickup/provider.go:173.2,173.55 1 0
github.com/emergent/emergent-core/domain/datasource/providers/clickup/provider.go:173.55,175.3 1 0
github.com/emergent/emergent-core/domain/datasource/providers/clickup/provider.go:178.2,178.23 1 0
github.com/emergent/emergent-core/domain/datasource/providers/clickup/provider.go:178.23,184.3 1 0
github.com/emergent/emergent-core/domain/datasource/providers/clickup/provider.go:187.2,187.30 1 0
github.com/emergent/emergent-core/domain/datasource/providers/clickup/provider.go:187.30,188.10 1 0
github.com/emergent/emergent-core/domain/datasource/providers/clickup/provider.go:189.21,191.28 2 0
github.com/emergent/emergent-core/domain/datasource/providers/clickup/provider.go:192.11,192.11 0 0
github.com/emergent/emergent-core/domain/datasource/providers/clickup/provider.go:195.3,198.17 3 0
github.com/emergent/emergent-core/domain/datasource/providers/clickup/provider.go:198.17,205.4 3 0
github.com/emergent/emergent-core/domain/datasource/providers/clickup/provider.go:205.9,205.21 1 0
github.com/emergent/emergent-core/domain/datasource/providers/clickup/provider.go:205.21,207.4 1 0
github.com/emergent/emergent-core/domain/datasource/providers/clickup/provider.go:207.9,210.4 2 0
github.com/emergent/emergent-core/domain/datasource/providers/clickup/provider.go:213.3,213.37 1 0
github.com/emergent/emergent-core/domain/datasource/providers/clickup/provider.go:213.37,223.4 1 0
github.com/emergent/emergent-core/domain/datasource/providers/clickup/provider.go:227.2,227.23 1 0
github.com/emergent/emergent-core/domain/datasource/providers/clickup/provider.go:227.23,237.3 1 0
github.com/emergent/emergent-core/domain/datasource/providers/clickup/provider.go:239.2,245.20 2 0
github.com/emergent/emergent-core/domain/datasource/providers/clickup/provider.go:253.80,255.16 2 1
github.com/emergent/emergent-core/domain/datasource/providers/clickup/provider.go:255.16,257.3 1 0
github.com/emergent/emergent-core/domain/datasource/providers/clickup/provider.go:259.2,260.61 2 1
github.com/emergent/emergent-core/domain/datasource/providers/clickup/provider.go:260.61,262.3 1 0
github.com/emergent/emergent-core/domain/datasource/providers/clickup/provider.go:264.2,264.34 1 1
github.com/emergent/emergent-core/domain/datasource/providers/clickup/provider.go:264.34,266.3 1 1
github.com/emergent/emergent-core/domain/datasource/providers/clickup/provider.go:268.2,268.28 1 1
github.com/emergent/emergent-core/domain/datasource/providers/clickup/provider.go:272.87,274.36 1 0
github.com/emergent/emergent-core/domain/datasource/providers/clickup/provider.go:274.36,276.43 2 0
github.com/emergent/emergent-core/domain/datasource/providers/clickup/provider.go:276.43,278.4 1 0
github.com/emergent/emergent-core/domain/datasource/providers/clickup/provider.go:279.3,279.18 1 0
github.com/emergent/emergent-core/domain/datasource/providers/clickup/provider.go:283.2,284.16 2 0
github.com/emergent/emergent-core/domain/datasource/providers/clickup/provider.go:284.16,286.3 1 0
github.com/emergent/emergent-core/domain/datasource/providers/clickup/provider.go:288.2,289.32 2 0
github.com/emergent/emergent-core/domain/datasource/providers/clickup/provider.go:289.32,291.3 1 0
github.com/emergent/emergent-core/domain/datasource/providers/clickup/provider.go:293.2,293.17 1 0
github.com/emergent/emergent-core/domain/datasource/providers/clickup/provider.go:297.105,301.6 3 0
github.com/emergent/emergent-core/domain/datasource/providers/clickup/provider.go:301.6,303.17 2 0
github.com/emergent/emergent-core/domain/datasource/providers/clickup/provider.go:303.17,305.4 1 0
github.com/emergent/emergent-core/domain/datasource/providers/clickup/provider.go:307.3,309.28 2 0
github.com/emergent/emergent-core/domain/datasource/providers/clickup/provider.go:309.28,310.9 1 0
github.com/emergent/emergent-core/domain/datasource/providers/clickup/provider.go:312.3,312.27 1 0
github.com/emergent/emergent-core/domain/datasource/providers/clickup/provider.go:315.2,315.21 1 0
github.com/emergent/emergent-core/domain/datasource/providers/clickup/provider.go:319.74,321.27 2 1
github.com/emergent/emergent-core/domain/datasource/providers/clickup/provider.go:321.27,323.17 2 1
github.com/emergent/emergent-core/domain/datasource/providers/clickup/provider.go:323.17,324.12 1 1
github.com/emergent/emergent-core/domain/datasource/providers/clickup/provider.go:326.3,326.26 1 1
github.com/emergent/emergent-core/domain/datasource/providers/clickup/provider.go:326.26,328.4 1 1
github.com/emergent/emergent-core/domain/datasource/providers/clickup/provider.go:330.2,330.17 1 1
github.com/emergent/emergent-core/domain/datasource/providers/clickup/provider.go:335.131,338.16 2 0
github.com/emergent/emergent-core/domain/datasource/providers/clickup/provider.go:338.16,343.3 2 0
github.com/emergent/emergent-core/domain/datasource/providers/clickup/provider.go:346.2,347.16 2 0
github.com/emergent/emergent-core/domain/datasource/providers/clickup/provider.go:347.16,349.3 1 0
github.com/emergent/emergent-core/domain/datasource/providers/clickup/provider.go:351.2,351.21 1 0
github.com/emergent/emergent-core/domain/datasource/providers/clickup/provider.go:351.21,353.96 1 0
github.com/emergent/emergent-core/domain/datasource/providers/clickup/provider.go:353.96,356.4 1 0
github.com/emergent/emergent-core/domain/datasource/providers/clickup/provider.go:359.3,359.92 1 0
github.com/emergent/emergent-core/domain/datasource/providers/clickup/provider.go:359.92,361.4 1 0
github.com/emergent/emergent-core/domain/datasource/providers/clickup/provider.go:362.3,362.33 1 0
github.com/emergent/emergent-core/domain/datasource/providers/clickup/provider.go:366.2,367.16 2 0
github.com/emergent/emergent-core/domain/datasource/providers/clickup/provider.go:367.16,369.3 1 0
github.com/emergent/emergent-core/domain/datasource/providers/clickup/provider.go:371.2,371.26 1 0
github.com/emergent/emergent-core/domain/datasource/providers/clickup/provider.go:375.133,384.16 3 0
github.com/emergent/emergent-core/domain/datasource/providers/clickup/provider.go:384.16,385.50 1 0
github.com/emergent/emergent-core/domain/datasource/providers/clickup/provider.go:385.50,387.4 1 0
github.com/emergent/emergent-core/domain/datasource/providers/clickup/provider.go:388.3,388.55 1 0
github.com/emergent/emergent-core/domain/datasource/providers/clickup/provider.go:391.2,391.18 1 0
github.com/emergent/emergent-core/domain/datasource/providers/clickup/provider.go:395.144,411.26 3 0
github.com/emergent/emergent-core/domain/datasource/providers/clickup/provider.go:411.26,413.3 1 0
github.com/emergent/emergent-core/domain/datasource/providers/clickup/provider.go:416.2,416.23 1 0
github.com/emergent/emergent-core/domain/datasource/providers/clickup/provider.go:416.23,418.3 1 0
github.com/emergent/emergent-core/domain/datasource/providers/clickup/provider.go:420.2,442.56 8 0
github.com/emergent/emergent-core/domain/datasource/providers/clickup/provider.go:442.56,444.3 1 0
github.com/emergent/emergent-core/domain/datasource/providers/clickup/provider.go:446.2,451.25 2 0
github.com/emergent/emergent-core/domain/datasource/providers/clickup/provider.go:455.153,470.26 3 0
github.com/emergent/emergent-core/domain/datasource/providers/clickup/provider.go:470.26,472.3 1 0
github.com/emergent/emergent-core/domain/datasource/providers/clickup/provider.go:474.2,474.23 1 0
github.com/emergent/emergent-core/domain/datasource/providers/clickup/provider.go:474.23,476.3 1 0
github.com/emergent/emergent-core/domain/datasource/providers/clickup/provider.go:478.2,493.16 9 0
github.com/emergent/emergent-core/domain/datasource/providers/clickup/provider.go:493.16,495.3 1 0
github.com/emergent/emergent-core/domain/datasource/providers/clickup/provider.go:497.2,502.12 2 0
github.com/emergent/emergent-core/domain/datasource/providers/clickup/provider.go:506.70,510.21 3 1
github.com/emergent/emergent-core/domain/datasource/providers/clickup/provider.go:510.21,512.3 1 1
github.com/emergent/emergent-core/domain/datasource/providers/clickup/provider.go:512.8,514.3 1 1
github.com/emergent/emergent-core/domain/datasource/providers/clickup/provider.go:516.2,516.20 1 1
github.com/emergent/emergent-core/domain/datasource/providers/clickup/provider.go:520.85,521.29 1 1
github.com/emergent/emergent-core/domain/datasource/providers/clickup/provider.go:521.29,522.22 1 1
github.com/emergent/emergent-core/domain/datasource/providers/clickup/provider.go:522.22,523.12 1 1
github.com/emergent/emergent-core/domain/datasource/providers/clickup/provider.go:527.3,531.25 3 1
github.com/emergent/emergent-core/domain/datasource/providers/clickup/provider.go:531.25,534.4 2 1
github.com/emergent/emergent-core/domain/datasource/providers/clickup/provider.go:537.3,537.26 1 1
github.com/emergent/emergent-core/domain/datasource/providers/clickup/provider.go:537.26,539.4 1 1
github.com/emergent/emergent-core/domain/datasource/providers/clickup/provider.go:544.49,546.29 2 1
github.com/emergent/emergent-core/domain/datasource/providers/clickup/provider.go:546.29,548.26 2 1
github.com/emergent/emergent-core/domain/datasource/providers/clickup/provider.go:548.26,550.4 1 1
github.com/emergent/emergent-core/domain/datasource/providers/clickup/provider.go:552.2,552.14 1 1
