mode: set
github.com/emergent/emergent-core/domain/email/config.go:32.44,44.2 1 1
github.com/emergent/emergent-core/domain/email/config.go:47.49,49.2 1 1
github.com/emergent/emergent-core/domain/email/config.go:52.38,54.2 1 1
github.com/emergent/emergent-core/domain/email/jobs.go:26.77,32.2 1 0
github.com/emergent/emergent-core/domain/email/jobs.go:50.92,52.29 2 0
github.com/emergent/emergent-core/domain/email/jobs.go:52.29,54.3 1 0
github.com/emergent/emergent-core/domain/email/jobs.go:56.2,57.25 2 0
github.com/emergent/emergent-core/domain/email/jobs.go:57.25,59.3 1 0
github.com/emergent/emergent-core/domain/email/jobs.go:62.2,63.16 2 0
github.com/emergent/emergent-core/domain/email/jobs.go:63.16,65.3 1 0
github.com/emergent/emergent-core/domain/email/jobs.go:67.2,86.16 3 0
github.com/emergent/emergent-core/domain/email/jobs.go:86.16,88.3 1 0
github.com/emergent/emergent-core/domain/email/jobs.go:90.2,95.17 2 0
github.com/emergent/emergent-core/domain/email/jobs.go:102.88,103.20 1 0
github.com/emergent/emergent-core/domain/email/jobs.go:103.20,105.3 1 0
github.com/emergent/emergent-core/domain/email/jobs.go:107.2,124.16 3 0
github.com/emergent/emergent-core/domain/email/jobs.go:124.16,126.3 1 0
github.com/emergent/emergent-core/domain/email/jobs.go:128.2,128.18 1 0
github.com/emergent/emergent-core/domain/email/jobs.go:132.88,143.16 3 0
github.com/emergent/emergent-core/domain/email/jobs.go:143.16,145.3 1 0
github.com/emergent/emergent-core/domain/email/jobs.go:147.2,151.12 2 0
github.com/emergent/emergent-core/domain/email/jobs.go:157.86,165.22 3 0
github.com/emergent/emergent-core/domain/email/jobs.go:165.22,166.33 1 0
github.com/emergent/emergent-core/domain/email/jobs.go:166.33,169.4 2 0
github.com/emergent/emergent-core/domain/email/jobs.go:170.3,170.62 1 0
github.com/emergent/emergent-core/domain/email/jobs.go:173.2,175.36 2 0
github.com/emergent/emergent-core/domain/email/jobs.go:175.36,189.23 3 0
github.com/emergent/emergent-core/domain/email/jobs.go:189.23,191.4 1 0
github.com/emergent/emergent-core/domain/email/jobs.go:193.3,198.39 1 0
github.com/emergent/emergent-core/domain/email/jobs.go:199.8,210.23 3 0
github.com/emergent/emergent-core/domain/email/jobs.go:210.23,212.4 1 0
github.com/emergent/emergent-core/domain/email/jobs.go:214.3,217.39 1 0
github.com/emergent/emergent-core/domain/email/jobs.go:220.2,220.12 1 0
github.com/emergent/emergent-core/domain/email/jobs.go:225.101,226.32 1 0
github.com/emergent/emergent-core/domain/email/jobs.go:226.32,228.3 1 0
github.com/emergent/emergent-core/domain/email/jobs.go:231.2,237.16 2 0
github.com/emergent/emergent-core/domain/email/jobs.go:237.16,239.3 1 0
github.com/emergent/emergent-core/domain/email/jobs.go:241.2,243.15 2 0
github.com/emergent/emergent-core/domain/email/jobs.go:243.15,247.3 1 0
github.com/emergent/emergent-core/domain/email/jobs.go:249.2,249.24 1 0
github.com/emergent/emergent-core/domain/email/jobs.go:253.81,260.26 3 0
github.com/emergent/emergent-core/domain/email/jobs.go:260.26,262.3 1 0
github.com/emergent/emergent-core/domain/email/jobs.go:263.2,263.16 1 0
github.com/emergent/emergent-core/domain/email/jobs.go:263.16,265.3 1 0
github.com/emergent/emergent-core/domain/email/jobs.go:267.2,267.17 1 0
github.com/emergent/emergent-core/domain/email/jobs.go:271.110,280.16 3 0
github.com/emergent/emergent-core/domain/email/jobs.go:280.16,282.3 1 0
github.com/emergent/emergent-core/domain/email/jobs.go:284.2,284.18 1 0
github.com/emergent/emergent-core/domain/email/jobs.go:288.71,297.16 3 0
github.com/emergent/emergent-core/domain/email/jobs.go:297.16,299.3 1 0
github.com/emergent/emergent-core/domain/email/jobs.go:301.2,301.19 1 0
github.com/emergent/emergent-core/domain/email/jobs.go:313.39,314.21 1 1
github.com/emergent/emergent-core/domain/email/jobs.go:314.21,316.3 1 1
github.com/emergent/emergent-core/domain/email/jobs.go:317.2,317.12 1 1
github.com/emergent/emergent-core/domain/email/mailgun.go:24.69,25.25 1 1
github.com/emergent/emergent-core/domain/email/mailgun.go:25.25,27.3 1 0
github.com/emergent/emergent-core/domain/email/mailgun.go:29.2,35.3 2 1
github.com/emergent/emergent-core/domain/email/mailgun.go:39.90,40.20 1 0
github.com/emergent/emergent-core/domain/email/mailgun.go:40.20,46.3 2 0
github.com/emergent/emergent-core/domain/email/mailgun.go:48.2,48.37 1 0
github.com/emergent/emergent-core/domain/email/mailgun.go:48.37,54.3 2 0
github.com/emergent/emergent-core/domain/email/mailgun.go:57.2,58.23 2 0
github.com/emergent/emergent-core/domain/email/mailgun.go:58.23,60.3 1 0
github.com/emergent/emergent-core/domain/email/mailgun.go:63.2,67.21 3 0
github.com/emergent/emergent-core/domain/email/mailgun.go:67.21,69.3 1 0
github.com/emergent/emergent-core/domain/email/mailgun.go:71.2,80.16 5 0
github.com/emergent/emergent-core/domain/email/mailgun.go:80.16,88.3 2 0
github.com/emergent/emergent-core/domain/email/mailgun.go:90.2,97.8 2 0
github.com/emergent/emergent-core/domain/email/mailgun.go:101.42,102.31 1 1
github.com/emergent/emergent-core/domain/email/mailgun.go:102.31,104.3 1 1
github.com/emergent/emergent-core/domain/email/mailgun.go:105.2,105.31 1 1
github.com/emergent/emergent-core/domain/email/mailgun.go:105.31,107.3 1 1
github.com/emergent/emergent-core/domain/email/mailgun.go:108.2,108.27 1 1
github.com/emergent/emergent-core/domain/email/mailgun.go:108.27,110.3 1 1
github.com/emergent/emergent-core/domain/email/mailgun.go:111.2,111.26 1 1
github.com/emergent/emergent-core/domain/email/mailgun.go:111.26,113.3 1 1
github.com/emergent/emergent-core/domain/email/mailgun.go:114.2,114.12 1 1
github.com/emergent/emergent-core/domain/email/mailgun.go:119.127,120.20 1 0
github.com/emergent/emergent-core/domain/email/mailgun.go:120.20,122.3 1 0
github.com/emergent/emergent-core/domain/email/mailgun.go:125.2,130.19 5 0
github.com/emergent/emergent-core/domain/email/mailgun.go:130.19,133.30 3 0
github.com/emergent/emergent-core/domain/email/mailgun.go:133.30,135.4 1 0
github.com/emergent/emergent-core/domain/email/mailgun.go:135.9,137.4 1 0
github.com/emergent/emergent-core/domain/email/mailgun.go:138.8,141.3 2 0
github.com/emergent/emergent-core/domain/email/mailgun.go:144.2,156.26 4 0
github.com/emergent/emergent-core/domain/email/mailgun.go:156.26,157.26 1 0
github.com/emergent/emergent-core/domain/email/mailgun.go:157.26,163.4 1 0
github.com/emergent/emergent-core/domain/email/mailgun.go:166.2,166.33 1 0
github.com/emergent/emergent-core/domain/email/mailgun.go:166.33,168.3 1 0
github.com/emergent/emergent-core/domain/email/mailgun.go:170.2,170.20 1 0
github.com/emergent/emergent-core/domain/email/module.go:28.70,33.23 2 0
github.com/emergent/emergent-core/domain/email/module.go:33.23,40.40 2 0
github.com/emergent/emergent-core/domain/email/module.go:40.40,41.48 1 0
github.com/emergent/emergent-core/domain/email/module.go:41.48,43.10 2 0
github.com/emergent/emergent-core/domain/email/module.go:48.2,48.23 1 0
github.com/emergent/emergent-core/domain/email/module.go:48.23,50.3 1 0
github.com/emergent/emergent-core/domain/email/module.go:52.2,55.45 3 0
github.com/emergent/emergent-core/domain/email/module.go:60.54,61.39 1 1
github.com/emergent/emergent-core/domain/email/module.go:61.39,63.27 2 1
github.com/emergent/emergent-core/domain/email/module.go:63.27,68.4 2 1
github.com/emergent/emergent-core/domain/email/module.go:71.2,72.30 2 1
github.com/emergent/emergent-core/domain/email/module.go:80.87,89.2 2 1
github.com/emergent/emergent-core/domain/email/module.go:92.76,93.18 1 0
github.com/emergent/emergent-core/domain/email/module.go:93.18,95.3 1 0
github.com/emergent/emergent-core/domain/email/module.go:97.2,98.44 1 0
github.com/emergent/emergent-core/domain/email/module.go:98.44,100.4 1 0
github.com/emergent/emergent-core/domain/email/module.go:101.43,103.4 1 0
github.com/emergent/emergent-core/domain/email/template.go:46.80,61.12 4 0
github.com/emergent/emergent-core/domain/email/template.go:61.12,63.3 1 0
github.com/emergent/emergent-core/domain/email/template.go:65.2,65.11 1 0
github.com/emergent/emergent-core/domain/email/template.go:69.47,72.56 2 0
github.com/emergent/emergent-core/domain/email/template.go:72.56,75.3 2 0
github.com/emergent/emergent-core/domain/email/template.go:77.2,78.16 2 0
github.com/emergent/emergent-core/domain/email/template.go:78.16,81.3 2 0
github.com/emergent/emergent-core/domain/email/template.go:83.2,83.32 1 0
github.com/emergent/emergent-core/domain/email/template.go:83.32,84.20 1 0
github.com/emergent/emergent-core/domain/email/template.go:84.20,85.12 1 0
github.com/emergent/emergent-core/domain/email/template.go:88.3,90.38 2 0
github.com/emergent/emergent-core/domain/email/template.go:90.38,93.18 3 0
github.com/emergent/emergent-core/domain/email/template.go:93.18,95.13 2 0
github.com/emergent/emergent-core/domain/email/template.go:97.4,98.72 2 0
github.com/emergent/emergent-core/domain/email/template.go:104.47,105.59 1 0
github.com/emergent/emergent-core/domain/email/template.go:105.59,108.3 2 0
github.com/emergent/emergent-core/domain/email/template.go:111.2,112.56 2 0
github.com/emergent/emergent-core/domain/email/template.go:112.56,113.33 1 0
github.com/emergent/emergent-core/domain/email/template.go:113.33,114.65 1 0
github.com/emergent/emergent-core/domain/email/template.go:114.65,117.5 2 0
github.com/emergent/emergent-core/domain/email/template.go:122.2,123.16 2 0
github.com/emergent/emergent-core/domain/email/template.go:123.16,126.3 2 0
github.com/emergent/emergent-core/domain/email/template.go:128.2,128.32 1 0
github.com/emergent/emergent-core/domain/email/template.go:128.32,129.20 1 0
github.com/emergent/emergent-core/domain/email/template.go:129.20,130.12 1 0
github.com/emergent/emergent-core/domain/email/template.go:132.3,132.46 1 0
github.com/emergent/emergent-core/domain/email/template.go:132.46,135.4 2 0
github.com/emergent/emergent-core/domain/email/template.go:138.2,140.44 1 0
github.com/emergent/emergent-core/domain/email/template.go:144.81,149.23 3 0
github.com/emergent/emergent-core/domain/email/template.go:149.23,150.45 1 0
github.com/emergent/emergent-core/domain/email/template.go:150.45,152.4 1 0
github.com/emergent/emergent-core/domain/email/template.go:156.2,161.53 4 0
github.com/emergent/emergent-core/domain/email/template.go:161.53,163.3 1 0
github.com/emergent/emergent-core/domain/email/template.go:163.8,166.54 2 0
github.com/emergent/emergent-core/domain/email/template.go:166.54,168.4 1 0
github.com/emergent/emergent-core/domain/email/template.go:168.9,172.4 2 0
github.com/emergent/emergent-core/domain/email/template.go:175.2,175.16 1 0
github.com/emergent/emergent-core/domain/email/template.go:175.16,177.3 1 0
github.com/emergent/emergent-core/domain/email/template.go:179.2,180.16 2 0
github.com/emergent/emergent-core/domain/email/template.go:180.16,182.3 1 0
github.com/emergent/emergent-core/domain/email/template.go:185.2,185.23 1 0
github.com/emergent/emergent-core/domain/email/template.go:185.23,187.3 1 0
github.com/emergent/emergent-core/domain/email/template.go:189.2,189.18 1 0
github.com/emergent/emergent-core/domain/email/template.go:193.79,198.23 3 0
github.com/emergent/emergent-core/domain/email/template.go:198.23,199.43 1 0
github.com/emergent/emergent-core/domain/email/template.go:199.43,201.4 1 0
github.com/emergent/emergent-core/domain/email/template.go:205.2,212.53 5 0
github.com/emergent/emergent-core/domain/email/template.go:212.53,214.3 1 0
github.com/emergent/emergent-core/domain/email/template.go:214.8,217.54 2 0
github.com/emergent/emergent-core/domain/email/template.go:217.54,219.4 1 0
github.com/emergent/emergent-core/domain/email/template.go:219.9,223.4 2 0
github.com/emergent/emergent-core/domain/email/template.go:226.2,226.16 1 0
github.com/emergent/emergent-core/domain/email/template.go:226.16,228.3 1 0
github.com/emergent/emergent-core/domain/email/template.go:230.2,231.16 2 0
github.com/emergent/emergent-core/domain/email/template.go:231.16,233.3 1 0
github.com/emergent/emergent-core/domain/email/template.go:236.2,236.23 1 0
github.com/emergent/emergent-core/domain/email/template.go:236.23,238.3 1 0
github.com/emergent/emergent-core/domain/email/template.go:240.2,240.18 1 0
github.com/emergent/emergent-core/domain/email/template.go:244.131,246.22 1 0
github.com/emergent/emergent-core/domain/email/template.go:246.22,248.3 1 0
github.com/emergent/emergent-core/domain/email/template.go:251.2,252.16 2 0
github.com/emergent/emergent-core/domain/email/template.go:252.16,254.3 1 0
github.com/emergent/emergent-core/domain/email/template.go:256.2,257.16 2 0
github.com/emergent/emergent-core/domain/email/template.go:257.16,259.3 1 0
github.com/emergent/emergent-core/domain/email/template.go:262.2,262.22 1 0
github.com/emergent/emergent-core/domain/email/template.go:262.22,264.17 2 0
github.com/emergent/emergent-core/domain/email/template.go:264.17,267.4 1 0
github.com/emergent/emergent-core/domain/email/template.go:267.9,270.30 2 0
github.com/emergent/emergent-core/domain/email/template.go:270.30,272.5 1 0
github.com/emergent/emergent-core/domain/email/template.go:273.4,276.18 3 0
github.com/emergent/emergent-core/domain/email/template.go:276.18,278.5 1 0
github.com/emergent/emergent-core/domain/email/template.go:282.2,285.8 1 0
github.com/emergent/emergent-core/domain/email/template.go:289.137,291.16 2 0
github.com/emergent/emergent-core/domain/email/template.go:291.16,293.3 1 0
github.com/emergent/emergent-core/domain/email/template.go:295.2,296.16 2 0
github.com/emergent/emergent-core/domain/email/template.go:296.16,298.3 1 0
github.com/emergent/emergent-core/domain/email/template.go:301.2,301.22 1 0
github.com/emergent/emergent-core/domain/email/template.go:301.22,303.17 2 0
github.com/emergent/emergent-core/domain/email/template.go:303.17,306.4 1 0
github.com/emergent/emergent-core/domain/email/template.go:306.9,308.30 2 0
github.com/emergent/emergent-core/domain/email/template.go:308.30,310.5 1 0
github.com/emergent/emergent-core/domain/email/template.go:311.4,314.18 3 0
github.com/emergent/emergent-core/domain/email/template.go:314.18,316.5 1 0
github.com/emergent/emergent-core/domain/email/template.go:320.2,323.8 1 0
github.com/emergent/emergent-core/domain/email/template.go:327.78,329.75 1 1
github.com/emergent/emergent-core/domain/email/template.go:329.75,331.3 1 1
github.com/emergent/emergent-core/domain/email/template.go:334.2,336.63 2 1
github.com/emergent/emergent-core/domain/email/template.go:336.63,338.3 1 1
github.com/emergent/emergent-core/domain/email/template.go:340.2,340.81 1 1
github.com/emergent/emergent-core/domain/email/template.go:340.81,342.3 1 1
github.com/emergent/emergent-core/domain/email/template.go:344.2,344.69 1 1
github.com/emergent/emergent-core/domain/email/template.go:344.69,346.3 1 1
github.com/emergent/emergent-core/domain/email/template.go:348.2,348.66 1 1
github.com/emergent/emergent-core/domain/email/template.go:348.66,350.3 1 1
github.com/emergent/emergent-core/domain/email/template.go:352.2,352.84 1 1
github.com/emergent/emergent-core/domain/email/template.go:352.84,354.3 1 1
github.com/emergent/emergent-core/domain/email/template.go:356.2,356.20 1 1
github.com/emergent/emergent-core/domain/email/template.go:356.20,358.3 1 1
github.com/emergent/emergent-core/domain/email/template.go:360.2,360.11 1 1
github.com/emergent/emergent-core/domain/email/template.go:364.58,367.33 2 0
github.com/emergent/emergent-core/domain/email/template.go:367.33,369.46 2 0
github.com/emergent/emergent-core/domain/email/template.go:369.46,371.4 1 0
github.com/emergent/emergent-core/domain/email/template.go:373.2,373.14 1 0
github.com/emergent/emergent-core/domain/email/template.go:377.53,378.59 1 0
github.com/emergent/emergent-core/domain/email/template.go:378.59,380.3 1 0
github.com/emergent/emergent-core/domain/email/template.go:382.2,383.16 2 0
github.com/emergent/emergent-core/domain/email/template.go:383.16,385.3 1 0
github.com/emergent/emergent-core/domain/email/template.go:387.2,388.32 2 0
github.com/emergent/emergent-core/domain/email/template.go:388.32,389.20 1 0
github.com/emergent/emergent-core/domain/email/template.go:389.20,390.12 1 0
github.com/emergent/emergent-core/domain/email/template.go:392.3,393.38 2 0
github.com/emergent/emergent-core/domain/email/template.go:393.38,397.4 2 0
github.com/emergent/emergent-core/domain/email/template.go:400.2,400.18 1 0
github.com/emergent/emergent-core/domain/email/template.go:404.41,409.2 4 1
github.com/emergent/emergent-core/domain/email/template.go:419.106,436.2 3 0
github.com/emergent/emergent-core/domain/email/template.go:439.61,442.61 2 0
github.com/emergent/emergent-core/domain/email/template.go:442.61,443.33 1 0
github.com/emergent/emergent-core/domain/email/template.go:443.33,444.65 1 0
github.com/emergent/emergent-core/domain/email/template.go:444.65,446.94 2 0
github.com/emergent/emergent-core/domain/email/template.go:446.94,448.6 1 0
github.com/emergent/emergent-core/domain/email/template.go:454.2,455.60 2 0
github.com/emergent/emergent-core/domain/email/template.go:455.60,456.33 1 0
github.com/emergent/emergent-core/domain/email/template.go:456.33,457.65 1 0
github.com/emergent/emergent-core/domain/email/template.go:457.65,459.93 2 0
github.com/emergent/emergent-core/domain/email/template.go:459.93,460.65 1 0
github.com/emergent/emergent-core/domain/email/template.go:460.65,462.7 1 0
github.com/emergent/emergent-core/domain/email/template.go:469.2,469.65 1 0
github.com/emergent/emergent-core/domain/email/template.go:469.65,470.33 1 0
github.com/emergent/emergent-core/domain/email/template.go:470.33,471.21 1 0
github.com/emergent/emergent-core/domain/email/template.go:471.21,472.13 1 0
github.com/emergent/emergent-core/domain/email/template.go:474.4,474.47 1 0
github.com/emergent/emergent-core/domain/email/template.go:474.47,476.98 2 0
github.com/emergent/emergent-core/domain/email/template.go:476.98,477.65 1 0
github.com/emergent/emergent-core/domain/email/template.go:477.65,479.7 1 0
github.com/emergent/emergent-core/domain/email/template.go:485.2,487.45 1 0
github.com/emergent/emergent-core/domain/email/worker.go:59.117,67.2 1 0
github.com/emergent/emergent-core/domain/email/worker.go:70.51,72.15 2 0
github.com/emergent/emergent-core/domain/email/worker.go:72.15,75.3 2 0
github.com/emergent/emergent-core/domain/email/worker.go:78.2,78.20 1 0
github.com/emergent/emergent-core/domain/email/worker.go:78.20,82.3 3 0
github.com/emergent/emergent-core/domain/email/worker.go:84.2,99.12 9 0
github.com/emergent/emergent-core/domain/email/worker.go:103.50,105.16 2 0
github.com/emergent/emergent-core/domain/email/worker.go:105.16,108.3 2 0
github.com/emergent/emergent-core/domain/email/worker.go:109.2,116.9 5 0
github.com/emergent/emergent-core/domain/email/worker.go:117.21,118.48 1 0
github.com/emergent/emergent-core/domain/email/worker.go:119.20,120.60 1 0
github.com/emergent/emergent-core/domain/email/worker.go:123.2,123.12 1 0
github.com/emergent/emergent-core/domain/email/worker.go:127.65,129.16 2 0
github.com/emergent/emergent-core/domain/email/worker.go:129.16,133.3 2 0
github.com/emergent/emergent-core/domain/email/worker.go:134.2,134.19 1 0
github.com/emergent/emergent-core/domain/email/worker.go:134.19,137.3 1 0
github.com/emergent/emergent-core/domain/email/worker.go:141.43,148.6 5 0
github.com/emergent/emergent-core/domain/email/worker.go:148.6,149.10 1 0
github.com/emergent/emergent-core/domain/email/worker.go:150.19,151.10 1 0
github.com/emergent/emergent-core/domain/email/worker.go:152.21,153.10 1 0
github.com/emergent/emergent-core/domain/email/worker.go:154.19,155.46 1 0
github.com/emergent/emergent-core/domain/email/worker.go:155.46,157.5 1 0
github.com/emergent/emergent-core/domain/email/worker.go:163.58,165.9 1 0
github.com/emergent/emergent-core/domain/email/worker.go:166.18,167.13 1 0
github.com/emergent/emergent-core/domain/email/worker.go:168.20,169.19 1 0
github.com/emergent/emergent-core/domain/email/worker.go:170.10,170.10 0 0
github.com/emergent/emergent-core/domain/email/worker.go:173.2,174.16 2 0
github.com/emergent/emergent-core/domain/email/worker.go:174.16,176.3 1 0
github.com/emergent/emergent-core/domain/email/worker.go:178.2,178.20 1 0
github.com/emergent/emergent-core/domain/email/worker.go:178.20,180.3 1 0
github.com/emergent/emergent-core/domain/email/worker.go:182.2,182.27 1 0
github.com/emergent/emergent-core/domain/email/worker.go:182.27,183.48 1 0
github.com/emergent/emergent-core/domain/email/worker.go:183.48,187.4 1 0
github.com/emergent/emergent-core/domain/email/worker.go:190.2,190.12 1 0
github.com/emergent/emergent-core/domain/email/worker.go:194.71,199.29 3 0
github.com/emergent/emergent-core/domain/email/worker.go:199.29,200.38 1 0
github.com/emergent/emergent-core/domain/email/worker.go:200.38,202.4 1 0
github.com/emergent/emergent-core/domain/email/worker.go:206.2,206.44 1 0
github.com/emergent/emergent-core/domain/email/worker.go:206.44,208.3 1 0
github.com/emergent/emergent-core/domain/email/worker.go:209.2,209.50 1 0
github.com/emergent/emergent-core/domain/email/worker.go:209.50,211.3 1 0
github.com/emergent/emergent-core/domain/email/worker.go:212.2,212.23 1 0
github.com/emergent/emergent-core/domain/email/worker.go:212.23,214.3 1 0
github.com/emergent/emergent-core/domain/email/worker.go:216.2,219.47 2 0
github.com/emergent/emergent-core/domain/email/worker.go:219.47,221.17 2 0
github.com/emergent/emergent-core/domain/email/worker.go:221.17,227.4 3 0
github.com/emergent/emergent-core/domain/email/worker.go:227.9,230.4 2 0
github.com/emergent/emergent-core/domain/email/worker.go:231.8,237.3 3 0
github.com/emergent/emergent-core/domain/email/worker.go:240.2,241.23 2 0
github.com/emergent/emergent-core/domain/email/worker.go:241.23,243.3 1 0
github.com/emergent/emergent-core/domain/email/worker.go:245.2,253.16 2 0
github.com/emergent/emergent-core/domain/email/worker.go:253.16,255.69 1 0
github.com/emergent/emergent-core/domain/email/worker.go:255.69,259.4 1 0
github.com/emergent/emergent-core/domain/email/worker.go:260.3,261.13 2 0
github.com/emergent/emergent-core/domain/email/worker.go:264.2,264.21 1 0
github.com/emergent/emergent-core/domain/email/worker.go:264.21,267.73 2 0
github.com/emergent/emergent-core/domain/email/worker.go:267.73,271.4 1 0
github.com/emergent/emergent-core/domain/email/worker.go:272.3,273.17 2 0
github.com/emergent/emergent-core/domain/email/worker.go:277.2,277.71 1 0
github.com/emergent/emergent-core/domain/email/worker.go:277.71,282.3 2 0
github.com/emergent/emergent-core/domain/email/worker.go:284.2,293.12 4 0
github.com/emergent/emergent-core/domain/email/worker.go:297.82,299.51 2 1
github.com/emergent/emergent-core/domain/email/worker.go:299.51,301.3 1 1
github.com/emergent/emergent-core/domain/email/worker.go:303.2,304.25 2 1
github.com/emergent/emergent-core/domain/email/worker.go:304.25,306.3 1 1
github.com/emergent/emergent-core/domain/email/worker.go:308.2,309.44 2 1
github.com/emergent/emergent-core/domain/email/worker.go:309.44,311.3 1 1
github.com/emergent/emergent-core/domain/email/worker.go:313.2,315.43 3 1
github.com/emergent/emergent-core/domain/email/worker.go:315.43,317.3 1 1
github.com/emergent/emergent-core/domain/email/worker.go:318.2,318.45 1 1
github.com/emergent/emergent-core/domain/email/worker.go:318.45,320.3 1 1
github.com/emergent/emergent-core/domain/email/worker.go:321.2,321.19 1 1
github.com/emergent/emergent-core/domain/email/worker.go:321.19,323.3 1 1
github.com/emergent/emergent-core/domain/email/worker.go:325.2,337.18 2 1
github.com/emergent/emergent-core/domain/email/worker.go:337.18,342.3 1 1
github.com/emergent/emergent-core/domain/email/worker.go:344.2,353.13 2 1
github.com/emergent/emergent-core/domain/email/worker.go:357.82,359.51 2 1
github.com/emergent/emergent-core/domain/email/worker.go:359.51,361.3 1 1
github.com/emergent/emergent-core/domain/email/worker.go:363.2,364.25 2 1
github.com/emergent/emergent-core/domain/email/worker.go:364.25,366.3 1 1
github.com/emergent/emergent-core/domain/email/worker.go:368.2,369.44 2 1
github.com/emergent/emergent-core/domain/email/worker.go:369.44,371.3 1 1
github.com/emergent/emergent-core/domain/email/worker.go:373.2,374.43 2 1
github.com/emergent/emergent-core/domain/email/worker.go:374.43,376.3 1 1
github.com/emergent/emergent-core/domain/email/worker.go:378.2,380.18 2 1
github.com/emergent/emergent-core/domain/email/worker.go:380.18,382.3 1 1
github.com/emergent/emergent-core/domain/email/worker.go:384.2,386.13 2 1
github.com/emergent/emergent-core/domain/email/worker.go:390.37,395.2 4 1
github.com/emergent/emergent-core/domain/email/worker.go:398.37,403.2 4 1
github.com/emergent/emergent-core/domain/email/worker.go:406.42,415.2 3 1
github.com/emergent/emergent-core/domain/email/worker.go:425.35,429.2 3 1
github.com/emergent/emergent-core/domain/email/worker.go:436.36,438.2 1 1
