mode: set
github.com/emergent/emergent-core/pkg/encryption/service.go:38.56,48.15 4 0
github.com/emergent/emergent-core/pkg/encryption/service.go:48.15,49.26 1 0
github.com/emergent/emergent-core/pkg/encryption/service.go:49.26,51.4 1 0
github.com/emergent/emergent-core/pkg/encryption/service.go:51.9,51.27 1 0
github.com/emergent/emergent-core/pkg/encryption/service.go:51.27,53.4 1 0
github.com/emergent/emergent-core/pkg/encryption/service.go:54.8,54.26 1 0
github.com/emergent/emergent-core/pkg/encryption/service.go:54.26,55.26 1 0
github.com/emergent/emergent-core/pkg/encryption/service.go:55.26,58.4 1 0
github.com/emergent/emergent-core/pkg/encryption/service.go:58.9,61.4 1 0
github.com/emergent/emergent-core/pkg/encryption/service.go:64.2,64.12 1 0
github.com/emergent/emergent-core/pkg/encryption/service.go:68.39,70.2 1 1
github.com/emergent/emergent-core/pkg/encryption/service.go:74.97,75.17 1 0
github.com/emergent/emergent-core/pkg/encryption/service.go:75.17,78.17 3 0
github.com/emergent/emergent-core/pkg/encryption/service.go:78.17,80.4 1 0
github.com/emergent/emergent-core/pkg/encryption/service.go:81.3,81.27 1 0
github.com/emergent/emergent-core/pkg/encryption/service.go:84.2,85.16 2 0
github.com/emergent/emergent-core/pkg/encryption/service.go:85.16,87.3 1 0
github.com/emergent/emergent-core/pkg/encryption/service.go:89.2,96.16 3 0
github.com/emergent/emergent-core/pkg/encryption/service.go:96.16,98.3 1 0
github.com/emergent/emergent-core/pkg/encryption/service.go:100.2,100.23 1 0
github.com/emergent/emergent-core/pkg/encryption/service.go:105.102,106.25 1 0
github.com/emergent/emergent-core/pkg/encryption/service.go:106.25,108.3 1 0
github.com/emergent/emergent-core/pkg/encryption/service.go:110.2,110.17 1 0
github.com/emergent/emergent-core/pkg/encryption/service.go:110.17,114.74 3 0
github.com/emergent/emergent-core/pkg/encryption/service.go:114.74,118.4 2 0
github.com/emergent/emergent-core/pkg/encryption/service.go:119.3,119.23 1 0
github.com/emergent/emergent-core/pkg/encryption/service.go:123.2,128.16 3 0
github.com/emergent/emergent-core/pkg/encryption/service.go:128.16,140.17 3 0
github.com/emergent/emergent-core/pkg/encryption/service.go:140.17,144.4 2 0
github.com/emergent/emergent-core/pkg/encryption/service.go:145.3,145.60 1 0
github.com/emergent/emergent-core/pkg/encryption/service.go:148.2,149.69 2 0
github.com/emergent/emergent-core/pkg/encryption/service.go:149.69,151.3 1 0
github.com/emergent/emergent-core/pkg/encryption/service.go:153.2,153.22 1 0
github.com/emergent/emergent-core/pkg/encryption/service.go:158.98,159.20 1 0
github.com/emergent/emergent-core/pkg/encryption/service.go:159.20,161.3 1 0
github.com/emergent/emergent-core/pkg/encryption/service.go:164.2,164.37 1 0
github.com/emergent/emergent-core/pkg/encryption/service.go:168.87,172.49 2 0
github.com/emergent/emergent-core/pkg/encryption/service.go:172.49,174.3 1 0
github.com/emergent/emergent-core/pkg/encryption/service.go:174.8,177.3 1 0
github.com/emergent/emergent-core/pkg/encryption/service.go:179.2,179.33 1 0
github.com/emergent/emergent-core/pkg/encryption/service.go:183.27,185.2 1 1
github.com/emergent/emergent-core/pkg/encryption/service.go:199.36,201.2 1 1
github.com/emergent/emergent-core/pkg/encryption/service.go:204.101,206.16 2 1
github.com/emergent/emergent-core/pkg/encryption/service.go:206.16,208.3 1 1
github.com/emergent/emergent-core/pkg/encryption/service.go:209.2,209.26 1 1
github.com/emergent/emergent-core/pkg/encryption/service.go:213.97,214.16 1 1
github.com/emergent/emergent-core/pkg/encryption/service.go:214.16,216.3 1 1
github.com/emergent/emergent-core/pkg/encryption/service.go:217.2,218.64 2 1
github.com/emergent/emergent-core/pkg/encryption/service.go:218.64,220.3 1 1
github.com/emergent/emergent-core/pkg/encryption/service.go:221.2,221.22 1 1
github.com/emergent/emergent-core/pkg/encryption/service.go:225.43,227.2 1 1
github.com/emergent/emergent-core/pkg/encryption/service.go:233.124,234.25 1 0
github.com/emergent/emergent-core/pkg/encryption/service.go:234.25,236.3 1 0
github.com/emergent/emergent-core/pkg/encryption/service.go:238.2,238.17 1 0
github.com/emergent/emergent-core/pkg/encryption/service.go:238.17,240.74 2 0
github.com/emergent/emergent-core/pkg/encryption/service.go:240.74,242.4 1 0
github.com/emergent/emergent-core/pkg/encryption/service.go:243.3,243.23 1 0
github.com/emergent/emergent-core/pkg/encryption/service.go:246.2,251.16 3 0
github.com/emergent/emergent-core/pkg/encryption/service.go:251.16,252.36 1 0
github.com/emergent/emergent-core/pkg/encryption/service.go:252.36,254.4 1 0
github.com/emergent/emergent-core/pkg/encryption/service.go:255.3,255.34 1 0
github.com/emergent/emergent-core/pkg/encryption/service.go:258.2,259.69 2 0
github.com/emergent/emergent-core/pkg/encryption/service.go:259.69,261.3 1 0
github.com/emergent/emergent-core/pkg/encryption/service.go:263.2,263.22 1 0
