mode: set
github.com/emergent/emergent-core/pkg/kreuzberg/client.go:41.62,51.2 1 0
github.com/emergent/emergent-core/pkg/kreuzberg/client.go:54.35,56.2 1 0
github.com/emergent/emergent-core/pkg/kreuzberg/client.go:125.32,126.20 1 1
github.com/emergent/emergent-core/pkg/kreuzberg/client.go:126.20,128.3 1 1
github.com/emergent/emergent-core/pkg/kreuzberg/client.go:129.2,129.18 1 1
github.com/emergent/emergent-core/pkg/kreuzberg/client.go:147.70,148.55 1 1
github.com/emergent/emergent-core/pkg/kreuzberg/client.go:148.55,149.80 1 1
github.com/emergent/emergent-core/pkg/kreuzberg/client.go:149.80,151.4 1 1
github.com/emergent/emergent-core/pkg/kreuzberg/client.go:153.2,153.18 1 1
github.com/emergent/emergent-core/pkg/kreuzberg/client.go:153.18,155.3 1 1
github.com/emergent/emergent-core/pkg/kreuzberg/client.go:156.2,156.18 1 1
github.com/emergent/emergent-core/pkg/kreuzberg/client.go:160.140,161.16 1 0
github.com/emergent/emergent-core/pkg/kreuzberg/client.go:161.16,166.3 1 0
github.com/emergent/emergent-core/pkg/kreuzberg/client.go:168.2,177.39 4 0
github.com/emergent/emergent-core/pkg/kreuzberg/client.go:177.39,179.3 1 0
github.com/emergent/emergent-core/pkg/kreuzberg/client.go:182.2,191.16 6 0
github.com/emergent/emergent-core/pkg/kreuzberg/client.go:191.16,193.3 1 0
github.com/emergent/emergent-core/pkg/kreuzberg/client.go:194.2,194.47 1 0
github.com/emergent/emergent-core/pkg/kreuzberg/client.go:194.47,196.3 1 0
github.com/emergent/emergent-core/pkg/kreuzberg/client.go:198.2,198.39 1 0
github.com/emergent/emergent-core/pkg/kreuzberg/client.go:198.39,200.3 1 0
github.com/emergent/emergent-core/pkg/kreuzberg/client.go:203.2,204.16 2 0
github.com/emergent/emergent-core/pkg/kreuzberg/client.go:204.16,206.3 1 0
github.com/emergent/emergent-core/pkg/kreuzberg/client.go:207.2,212.16 4 0
github.com/emergent/emergent-core/pkg/kreuzberg/client.go:212.16,213.44 1 0
github.com/emergent/emergent-core/pkg/kreuzberg/client.go:213.44,218.4 1 0
github.com/emergent/emergent-core/pkg/kreuzberg/client.go:219.3,223.4 1 0
github.com/emergent/emergent-core/pkg/kreuzberg/client.go:225.2,229.16 3 0
github.com/emergent/emergent-core/pkg/kreuzberg/client.go:229.16,231.3 1 0
github.com/emergent/emergent-core/pkg/kreuzberg/client.go:234.2,234.28 1 0
github.com/emergent/emergent-core/pkg/kreuzberg/client.go:234.28,236.3 1 0
github.com/emergent/emergent-core/pkg/kreuzberg/client.go:239.2,240.55 2 0
github.com/emergent/emergent-core/pkg/kreuzberg/client.go:240.55,242.3 1 0
github.com/emergent/emergent-core/pkg/kreuzberg/client.go:244.2,244.23 1 0
github.com/emergent/emergent-core/pkg/kreuzberg/client.go:244.23,250.3 1 0
github.com/emergent/emergent-core/pkg/kreuzberg/client.go:252.2,261.20 4 0
github.com/emergent/emergent-core/pkg/kreuzberg/client.go:265.91,277.55 3 0
github.com/emergent/emergent-core/pkg/kreuzberg/client.go:277.55,279.20 2 0
github.com/emergent/emergent-core/pkg/kreuzberg/client.go:279.20,281.4 1 0
github.com/emergent/emergent-core/pkg/kreuzberg/client.go:282.3,283.41 2 0
github.com/emergent/emergent-core/pkg/kreuzberg/client.go:283.41,285.4 1 0
github.com/emergent/emergent-core/pkg/kreuzberg/client.go:286.8,289.3 1 0
github.com/emergent/emergent-core/pkg/kreuzberg/client.go:291.2,291.19 1 0
github.com/emergent/emergent-core/pkg/kreuzberg/client.go:291.19,293.3 1 0
github.com/emergent/emergent-core/pkg/kreuzberg/client.go:295.2,306.3 2 0
github.com/emergent/emergent-core/pkg/kreuzberg/client.go:310.76,315.16 4 0
github.com/emergent/emergent-core/pkg/kreuzberg/client.go:315.16,317.3 1 0
github.com/emergent/emergent-core/pkg/kreuzberg/client.go:319.2,320.16 2 0
github.com/emergent/emergent-core/pkg/kreuzberg/client.go:320.16,328.3 2 0
github.com/emergent/emergent-core/pkg/kreuzberg/client.go:329.2,332.67 3 0
github.com/emergent/emergent-core/pkg/kreuzberg/client.go:332.67,339.3 1 0
github.com/emergent/emergent-core/pkg/kreuzberg/client.go:341.2,341.21 1 0
github.com/emergent/emergent-core/pkg/kreuzberg/client.go:437.57,439.52 1 1
github.com/emergent/emergent-core/pkg/kreuzberg/client.go:439.52,441.3 1 1
github.com/emergent/emergent-core/pkg/kreuzberg/client.go:444.2,444.20 1 1
github.com/emergent/emergent-core/pkg/kreuzberg/client.go:444.20,446.31 2 1
github.com/emergent/emergent-core/pkg/kreuzberg/client.go:446.31,448.4 1 1
github.com/emergent/emergent-core/pkg/kreuzberg/client.go:452.2,452.13 1 1
github.com/emergent/emergent-core/pkg/kreuzberg/client.go:456.50,458.48 1 1
github.com/emergent/emergent-core/pkg/kreuzberg/client.go:458.48,460.3 1 1
github.com/emergent/emergent-core/pkg/kreuzberg/client.go:463.2,463.20 1 1
github.com/emergent/emergent-core/pkg/kreuzberg/client.go:463.20,465.27 2 1
github.com/emergent/emergent-core/pkg/kreuzberg/client.go:465.27,467.4 1 1
github.com/emergent/emergent-core/pkg/kreuzberg/client.go:470.2,470.14 1 1
github.com/emergent/emergent-core/pkg/kreuzberg/client.go:474.49,476.2 1 1
