mode: set
github.com/emergent/emergent-core/domain/scheduler/config.go:31.26,40.2 1 1
github.com/emergent/emergent-core/domain/scheduler/config.go:43.51,44.38 1 1
github.com/emergent/emergent-core/domain/scheduler/config.go:44.38,45.51 1 1
github.com/emergent/emergent-core/domain/scheduler/config.go:45.51,47.4 1 1
github.com/emergent/emergent-core/domain/scheduler/config.go:49.2,49.19 1 1
github.com/emergent/emergent-core/domain/scheduler/config.go:53.48,54.38 1 1
github.com/emergent/emergent-core/domain/scheduler/config.go:54.38,55.46 1 1
github.com/emergent/emergent-core/domain/scheduler/config.go:55.46,57.4 1 1
github.com/emergent/emergent-core/domain/scheduler/config.go:59.2,59.19 1 1
github.com/emergent/emergent-core/domain/scheduler/config.go:63.73,64.38 1 1
github.com/emergent/emergent-core/domain/scheduler/config.go:64.38,65.47 1 1
github.com/emergent/emergent-core/domain/scheduler/config.go:65.47,67.4 1 1
github.com/emergent/emergent-core/domain/scheduler/config.go:69.2,69.19 1 1
github.com/emergent/emergent-core/domain/scheduler/module.go:33.40,34.20 1 0
github.com/emergent/emergent-core/domain/scheduler/module.go:34.20,37.3 2 0
github.com/emergent/emergent-core/domain/scheduler/module.go:40.2,42.69 2 0
github.com/emergent/emergent-core/domain/scheduler/module.go:42.69,45.3 1 0
github.com/emergent/emergent-core/domain/scheduler/module.go:48.2,50.61 2 0
github.com/emergent/emergent-core/domain/scheduler/module.go:50.61,53.3 1 0
github.com/emergent/emergent-core/domain/scheduler/module.go:56.2,58.65 2 0
github.com/emergent/emergent-core/domain/scheduler/module.go:58.65,61.3 1 0
github.com/emergent/emergent-core/domain/scheduler/module.go:64.2,66.64 2 0
github.com/emergent/emergent-core/domain/scheduler/module.go:66.64,69.3 1 0
github.com/emergent/emergent-core/domain/scheduler/module.go:71.2,74.12 2 0
github.com/emergent/emergent-core/domain/scheduler/module.go:78.85,79.18 1 0
github.com/emergent/emergent-core/domain/scheduler/module.go:79.18,81.3 1 0
github.com/emergent/emergent-core/domain/scheduler/module.go:83.2,84.44 1 0
github.com/emergent/emergent-core/domain/scheduler/module.go:84.44,86.4 1 0
github.com/emergent/emergent-core/domain/scheduler/module.go:87.43,89.4 1 0
github.com/emergent/emergent-core/domain/scheduler/scheduler.go:25.48,34.2 2 1
github.com/emergent/emergent-core/domain/scheduler/scheduler.go:37.54,41.15 3 0
github.com/emergent/emergent-core/domain/scheduler/scheduler.go:41.15,43.3 1 0
github.com/emergent/emergent-core/domain/scheduler/scheduler.go:45.2,49.12 4 0
github.com/emergent/emergent-core/domain/scheduler/scheduler.go:53.53,57.16 3 0
github.com/emergent/emergent-core/domain/scheduler/scheduler.go:57.16,59.3 1 0
github.com/emergent/emergent-core/domain/scheduler/scheduler.go:62.2,63.9 2 0
github.com/emergent/emergent-core/domain/scheduler/scheduler.go:64.24,65.45 1 0
github.com/emergent/emergent-core/domain/scheduler/scheduler.go:66.20,67.39 1 0
github.com/emergent/emergent-core/domain/scheduler/scheduler.go:70.2,71.12 2 0
github.com/emergent/emergent-core/domain/scheduler/scheduler.go:76.84,81.38 3 1
github.com/emergent/emergent-core/domain/scheduler/scheduler.go:81.38,84.3 2 1
github.com/emergent/emergent-core/domain/scheduler/scheduler.go:86.2,86.50 1 1
github.com/emergent/emergent-core/domain/scheduler/scheduler.go:86.50,88.3 1 0
github.com/emergent/emergent-core/domain/scheduler/scheduler.go:89.2,89.16 1 1
github.com/emergent/emergent-core/domain/scheduler/scheduler.go:89.16,91.3 1 1
github.com/emergent/emergent-core/domain/scheduler/scheduler.go:93.2,98.12 3 1
github.com/emergent/emergent-core/domain/scheduler/scheduler.go:102.95,107.38 3 1
github.com/emergent/emergent-core/domain/scheduler/scheduler.go:107.38,110.3 2 1
github.com/emergent/emergent-core/domain/scheduler/scheduler.go:114.2,116.50 2 1
github.com/emergent/emergent-core/domain/scheduler/scheduler.go:116.50,118.3 1 0
github.com/emergent/emergent-core/domain/scheduler/scheduler.go:119.2,119.16 1 1
github.com/emergent/emergent-core/domain/scheduler/scheduler.go:119.16,121.3 1 0
github.com/emergent/emergent-core/domain/scheduler/scheduler.go:123.2,128.12 3 1
github.com/emergent/emergent-core/domain/scheduler/scheduler.go:132.45,136.38 3 0
github.com/emergent/emergent-core/domain/scheduler/scheduler.go:136.38,140.3 3 0
github.com/emergent/emergent-core/domain/scheduler/scheduler.go:144.57,151.34 5 0
github.com/emergent/emergent-core/domain/scheduler/scheduler.go:151.34,157.3 2 0
github.com/emergent/emergent-core/domain/scheduler/scheduler.go:159.2,161.52 1 0
github.com/emergent/emergent-core/domain/scheduler/scheduler.go:165.42,170.28 4 1
github.com/emergent/emergent-core/domain/scheduler/scheduler.go:170.28,172.3 1 1
github.com/emergent/emergent-core/domain/scheduler/scheduler.go:173.2,173.14 1 1
github.com/emergent/emergent-core/domain/scheduler/scheduler.go:185.46,192.37 5 1
github.com/emergent/emergent-core/domain/scheduler/scheduler.go:192.37,193.33 1 1
github.com/emergent/emergent-core/domain/scheduler/scheduler.go:193.33,194.27 1 1
github.com/emergent/emergent-core/domain/scheduler/scheduler.go:194.27,201.10 2 1
github.com/emergent/emergent-core/domain/scheduler/scheduler.go:206.2,206.13 1 1
github.com/emergent/emergent-core/domain/scheduler/scheduler.go:210.38,214.2 3 1
github.com/emergent/emergent-core/domain/scheduler/tasks.go:21.90,26.2 1 0
github.com/emergent/emergent-core/domain/scheduler/tasks.go:29.67,35.16 4 0
github.com/emergent/emergent-core/domain/scheduler/tasks.go:35.16,39.3 2 0
github.com/emergent/emergent-core/domain/scheduler/tasks.go:41.2,43.12 2 0
github.com/emergent/emergent-core/domain/scheduler/tasks.go:53.70,58.2 1 0
github.com/emergent/emergent-core/domain/scheduler/tasks.go:61.57,73.16 4 0
github.com/emergent/emergent-core/domain/scheduler/tasks.go:73.16,77.3 2 0
github.com/emergent/emergent-core/domain/scheduler/tasks.go:79.2,80.22 2 0
github.com/emergent/emergent-core/domain/scheduler/tasks.go:80.22,84.3 1 0
github.com/emergent/emergent-core/domain/scheduler/tasks.go:84.8,87.3 1 0
github.com/emergent/emergent-core/domain/scheduler/tasks.go:89.2,89.12 1 0
github.com/emergent/emergent-core/domain/scheduler/tasks.go:99.74,104.2 1 0
github.com/emergent/emergent-core/domain/scheduler/tasks.go:107.59,116.16 4 0
github.com/emergent/emergent-core/domain/scheduler/tasks.go:116.16,120.3 2 0
github.com/emergent/emergent-core/domain/scheduler/tasks.go:122.2,123.22 2 0
github.com/emergent/emergent-core/domain/scheduler/tasks.go:123.22,127.3 1 0
github.com/emergent/emergent-core/domain/scheduler/tasks.go:127.8,130.3 1 0
github.com/emergent/emergent-core/domain/scheduler/tasks.go:132.2,132.12 1 0
github.com/emergent/emergent-core/domain/scheduler/tasks.go:143.98,144.23 1 0
github.com/emergent/emergent-core/domain/scheduler/tasks.go:144.23,146.3 1 0
github.com/emergent/emergent-core/domain/scheduler/tasks.go:147.2,151.3 1 0
github.com/emergent/emergent-core/domain/scheduler/tasks.go:163.62,180.29 6 0
github.com/emergent/emergent-core/domain/scheduler/tasks.go:180.29,182.17 2 0
github.com/emergent/emergent-core/domain/scheduler/tasks.go:182.17,186.12 2 0
github.com/emergent/emergent-core/domain/scheduler/tasks.go:188.3,188.16 1 0
github.com/emergent/emergent-core/domain/scheduler/tasks.go:188.16,193.4 2 0
github.com/emergent/emergent-core/domain/scheduler/tasks.go:196.2,200.12 2 0
github.com/emergent/emergent-core/domain/scheduler/tasks.go:204.118,207.44 2 0
github.com/emergent/emergent-core/domain/scheduler/tasks.go:207.44,218.3 1 0
github.com/emergent/emergent-core/domain/scheduler/tasks.go:218.8,227.3 1 0
github.com/emergent/emergent-core/domain/scheduler/tasks.go:229.2,232.22 3 0
github.com/emergent/emergent-core/domain/scheduler/tasks.go:232.22,234.3 1 0
github.com/emergent/emergent-core/domain/scheduler/tasks.go:234.8,236.3 1 0
github.com/emergent/emergent-core/domain/scheduler/tasks.go:238.2,238.16 1 0
github.com/emergent/emergent-core/domain/scheduler/tasks.go:238.16,240.3 1 0
github.com/emergent/emergent-core/domain/scheduler/tasks.go:242.2,242.30 1 0
