mode: set
github.com/emergent/emergent-core/domain/apitoken/entity.go:62.40,72.2 1 1
github.com/emergent/emergent-core/domain/apitoken/handler.go:18.40,20.2 1 0
github.com/emergent/emergent-core/domain/apitoken/handler.go:24.48,26.17 2 0
github.com/emergent/emergent-core/domain/apitoken/handler.go:26.17,28.3 1 0
github.com/emergent/emergent-core/domain/apitoken/handler.go:30.2,31.21 2 0
github.com/emergent/emergent-core/domain/apitoken/handler.go:31.21,33.3 1 0
github.com/emergent/emergent-core/domain/apitoken/handler.go:35.2,36.37 2 0
github.com/emergent/emergent-core/domain/apitoken/handler.go:36.37,38.3 1 0
github.com/emergent/emergent-core/domain/apitoken/handler.go:41.2,41.20 1 0
github.com/emergent/emergent-core/domain/apitoken/handler.go:41.20,43.3 1 0
github.com/emergent/emergent-core/domain/apitoken/handler.go:44.2,44.25 1 0
github.com/emergent/emergent-core/domain/apitoken/handler.go:44.25,46.3 1 0
github.com/emergent/emergent-core/domain/apitoken/handler.go:47.2,47.26 1 0
github.com/emergent/emergent-core/domain/apitoken/handler.go:47.26,49.3 1 0
github.com/emergent/emergent-core/domain/apitoken/handler.go:51.2,52.16 2 0
github.com/emergent/emergent-core/domain/apitoken/handler.go:52.16,54.3 1 0
github.com/emergent/emergent-core/domain/apitoken/handler.go:56.2,56.43 1 0
github.com/emergent/emergent-core/domain/apitoken/handler.go:61.46,63.17 2 0
github.com/emergent/emergent-core/domain/apitoken/handler.go:63.17,65.3 1 0
github.com/emergent/emergent-core/domain/apitoken/handler.go:67.2,68.21 2 0
github.com/emergent/emergent-core/domain/apitoken/handler.go:68.21,70.3 1 0
github.com/emergent/emergent-core/domain/apitoken/handler.go:72.2,73.16 2 0
github.com/emergent/emergent-core/domain/apitoken/handler.go:73.16,75.3 1 0
github.com/emergent/emergent-core/domain/apitoken/handler.go:77.2,77.38 1 0
github.com/emergent/emergent-core/domain/apitoken/handler.go:82.45,84.17 2 0
github.com/emergent/emergent-core/domain/apitoken/handler.go:84.17,86.3 1 0
github.com/emergent/emergent-core/domain/apitoken/handler.go:88.2,91.38 3 0
github.com/emergent/emergent-core/domain/apitoken/handler.go:91.38,93.3 1 0
github.com/emergent/emergent-core/domain/apitoken/handler.go:95.2,96.16 2 0
github.com/emergent/emergent-core/domain/apitoken/handler.go:96.16,98.3 1 0
github.com/emergent/emergent-core/domain/apitoken/handler.go:99.2,99.19 1 0
github.com/emergent/emergent-core/domain/apitoken/handler.go:99.19,101.3 1 0
github.com/emergent/emergent-core/domain/apitoken/handler.go:103.2,103.38 1 0
github.com/emergent/emergent-core/domain/apitoken/handler.go:108.48,110.17 2 0
github.com/emergent/emergent-core/domain/apitoken/handler.go:110.17,112.3 1 0
github.com/emergent/emergent-core/domain/apitoken/handler.go:114.2,117.38 3 0
github.com/emergent/emergent-core/domain/apitoken/handler.go:117.38,119.3 1 0
github.com/emergent/emergent-core/domain/apitoken/handler.go:121.2,121.89 1 0
github.com/emergent/emergent-core/domain/apitoken/handler.go:121.89,123.3 1 0
github.com/emergent/emergent-core/domain/apitoken/handler.go:125.2,125.70 1 0
github.com/emergent/emergent-core/domain/apitoken/repository.go:21.62,26.2 1 0
github.com/emergent/emergent-core/domain/apitoken/repository.go:29.73,33.16 2 0
github.com/emergent/emergent-core/domain/apitoken/repository.go:33.16,35.3 1 0
github.com/emergent/emergent-core/domain/apitoken/repository.go:36.2,36.12 1 0
github.com/emergent/emergent-core/domain/apitoken/repository.go:41.107,49.16 3 0
github.com/emergent/emergent-core/domain/apitoken/repository.go:49.16,50.27 1 0
github.com/emergent/emergent-core/domain/apitoken/repository.go:50.27,52.4 1 0
github.com/emergent/emergent-core/domain/apitoken/repository.go:53.3,53.53 1 0
github.com/emergent/emergent-core/domain/apitoken/repository.go:55.2,55.20 1 0
github.com/emergent/emergent-core/domain/apitoken/repository.go:59.95,67.16 3 0
github.com/emergent/emergent-core/domain/apitoken/repository.go:67.16,69.3 1 0
github.com/emergent/emergent-core/domain/apitoken/repository.go:70.2,70.20 1 0
github.com/emergent/emergent-core/domain/apitoken/repository.go:74.97,82.16 3 0
github.com/emergent/emergent-core/domain/apitoken/repository.go:82.16,83.27 1 0
github.com/emergent/emergent-core/domain/apitoken/repository.go:83.27,85.4 1 0
github.com/emergent/emergent-core/domain/apitoken/repository.go:86.3,86.53 1 0
github.com/emergent/emergent-core/domain/apitoken/repository.go:88.2,88.20 1 0
github.com/emergent/emergent-core/domain/apitoken/repository.go:92.91,101.16 2 0
github.com/emergent/emergent-core/domain/apitoken/repository.go:101.16,103.3 1 0
github.com/emergent/emergent-core/domain/apitoken/repository.go:105.2,106.16 2 0
github.com/emergent/emergent-core/domain/apitoken/repository.go:106.16,108.3 1 0
github.com/emergent/emergent-core/domain/apitoken/repository.go:110.2,110.22 1 0
github.com/emergent/emergent-core/domain/apitoken/routes.go:10.80,20.2 7 0
github.com/emergent/emergent-core/domain/apitoken/service.go:28.62,33.2 1 0
github.com/emergent/emergent-core/domain/apitoken/service.go:37.38,39.44 2 1
github.com/emergent/emergent-core/domain/apitoken/service.go:39.44,41.3 1 0
github.com/emergent/emergent-core/domain/apitoken/service.go:42.2,42.53 1 1
github.com/emergent/emergent-core/domain/apitoken/service.go:46.37,49.2 2 1
github.com/emergent/emergent-core/domain/apitoken/service.go:52.42,53.21 1 1
github.com/emergent/emergent-core/domain/apitoken/service.go:53.21,55.3 1 1
github.com/emergent/emergent-core/domain/apitoken/service.go:56.2,56.19 1 1
github.com/emergent/emergent-core/domain/apitoken/service.go:60.132,62.31 1 0
github.com/emergent/emergent-core/domain/apitoken/service.go:62.31,64.50 2 0
github.com/emergent/emergent-core/domain/apitoken/service.go:64.50,65.27 1 0
github.com/emergent/emergent-core/domain/apitoken/service.go:65.27,67.10 2 0
github.com/emergent/emergent-core/domain/apitoken/service.go:70.3,70.13 1 0
github.com/emergent/emergent-core/domain/apitoken/service.go:70.13,72.4 1 0
github.com/emergent/emergent-core/domain/apitoken/service.go:76.2,77.16 2 0
github.com/emergent/emergent-core/domain/apitoken/service.go:77.16,79.3 1 0
github.com/emergent/emergent-core/domain/apitoken/service.go:80.2,80.21 1 0
github.com/emergent/emergent-core/domain/apitoken/service.go:80.21,82.3 1 0
github.com/emergent/emergent-core/domain/apitoken/service.go:85.2,86.16 2 0
github.com/emergent/emergent-core/domain/apitoken/service.go:86.16,88.3 1 0
github.com/emergent/emergent-core/domain/apitoken/service.go:91.2,100.50 2 0
github.com/emergent/emergent-core/domain/apitoken/service.go:100.50,102.3 1 0
github.com/emergent/emergent-core/domain/apitoken/service.go:104.2,112.8 2 0
github.com/emergent/emergent-core/domain/apitoken/service.go:116.106,118.16 2 0
github.com/emergent/emergent-core/domain/apitoken/service.go:118.16,120.3 1 0
github.com/emergent/emergent-core/domain/apitoken/service.go:122.2,123.27 2 0
github.com/emergent/emergent-core/domain/apitoken/service.go:123.27,125.3 1 0
github.com/emergent/emergent-core/domain/apitoken/service.go:127.2,130.8 1 0
github.com/emergent/emergent-core/domain/apitoken/service.go:134.97,136.16 2 0
github.com/emergent/emergent-core/domain/apitoken/service.go:136.16,138.3 1 0
github.com/emergent/emergent-core/domain/apitoken/service.go:139.2,139.18 1 0
github.com/emergent/emergent-core/domain/apitoken/service.go:139.18,141.3 1 0
github.com/emergent/emergent-core/domain/apitoken/service.go:143.2,144.18 2 0
github.com/emergent/emergent-core/domain/apitoken/service.go:148.88,151.16 2 0
github.com/emergent/emergent-core/domain/apitoken/service.go:151.16,153.3 1 0
github.com/emergent/emergent-core/domain/apitoken/service.go:154.2,154.18 1 0
github.com/emergent/emergent-core/domain/apitoken/service.go:154.18,156.3 1 0
github.com/emergent/emergent-core/domain/apitoken/service.go:159.2,159.28 1 0
github.com/emergent/emergent-core/domain/apitoken/service.go:159.28,161.3 1 0
github.com/emergent/emergent-core/domain/apitoken/service.go:164.2,165.16 2 0
github.com/emergent/emergent-core/domain/apitoken/service.go:165.16,167.3 1 0
github.com/emergent/emergent-core/domain/apitoken/service.go:168.2,168.14 1 0
github.com/emergent/emergent-core/domain/apitoken/service.go:168.14,170.3 1 0
github.com/emergent/emergent-core/domain/apitoken/service.go:172.2,177.12 2 0
