mode: set
github.com/emergent/emergent-core/pkg/embeddings/client.go:25.34,27.2 1 1
github.com/emergent/emergent-core/pkg/embeddings/client.go:30.87,32.2 1 1
github.com/emergent/emergent-core/pkg/embeddings/client.go:35.99,37.2 1 1
github.com/emergent/emergent-core/pkg/embeddings/module.go:15.48,21.2 1 1
github.com/emergent/emergent-core/pkg/embeddings/module.go:36.81,39.25 2 0
github.com/emergent/emergent-core/pkg/embeddings/module.go:39.25,46.3 2 0
github.com/emergent/emergent-core/pkg/embeddings/module.go:48.2,56.44 2 0
github.com/emergent/emergent-core/pkg/embeddings/module.go:56.44,57.28 1 0
github.com/emergent/emergent-core/pkg/embeddings/module.go:57.28,69.19 3 0
github.com/emergent/emergent-core/pkg/embeddings/module.go:69.19,73.6 2 0
github.com/emergent/emergent-core/pkg/embeddings/module.go:74.5,76.56 3 0
github.com/emergent/emergent-core/pkg/embeddings/module.go:77.10,77.40 1 0
github.com/emergent/emergent-core/pkg/embeddings/module.go:77.40,80.5 1 0
github.com/emergent/emergent-core/pkg/embeddings/module.go:81.4,81.14 1 0
github.com/emergent/emergent-core/pkg/embeddings/module.go:85.2,85.12 1 0
github.com/emergent/emergent-core/pkg/embeddings/module.go:89.36,91.2 1 1
github.com/emergent/emergent-core/pkg/embeddings/module.go:94.84,96.2 1 1
github.com/emergent/emergent-core/pkg/embeddings/module.go:99.96,101.2 1 1
github.com/emergent/emergent-core/pkg/embeddings/module.go:104.103,105.44 1 0
github.com/emergent/emergent-core/pkg/embeddings/module.go:105.44,107.3 1 0
github.com/emergent/emergent-core/pkg/embeddings/module.go:109.2,110.16 2 0
github.com/emergent/emergent-core/pkg/embeddings/module.go:110.16,112.3 1 0
github.com/emergent/emergent-core/pkg/embeddings/module.go:113.2,113.55 1 0
github.com/emergent/emergent-core/pkg/embeddings/module.go:117.118,118.44 1 0
github.com/emergent/emergent-core/pkg/embeddings/module.go:118.44,120.3 1 0
github.com/emergent/emergent-core/pkg/embeddings/module.go:122.2,123.16 2 0
github.com/emergent/emergent-core/pkg/embeddings/module.go:123.16,125.3 1 0
github.com/emergent/emergent-core/pkg/embeddings/module.go:126.2,126.62 1 0
github.com/emergent/emergent-core/pkg/embeddings/vertex/client.go:68.41,69.25 1 1
github.com/emergent/emergent-core/pkg/embeddings/vertex/client.go:69.25,71.3 1 1
github.com/emergent/emergent-core/pkg/embeddings/vertex/client.go:75.50,76.25 1 1
github.com/emergent/emergent-core/pkg/embeddings/vertex/client.go:76.25,78.3 1 1
github.com/emergent/emergent-core/pkg/embeddings/vertex/client.go:82.49,83.25 1 1
github.com/emergent/emergent-core/pkg/embeddings/vertex/client.go:83.25,85.3 1 1
github.com/emergent/emergent-core/pkg/embeddings/vertex/client.go:89.48,90.25 1 1
github.com/emergent/emergent-core/pkg/embeddings/vertex/client.go:90.25,92.3 1 1
github.com/emergent/emergent-core/pkg/embeddings/vertex/client.go:96.88,97.25 1 0
github.com/emergent/emergent-core/pkg/embeddings/vertex/client.go:97.25,99.3 1 0
github.com/emergent/emergent-core/pkg/embeddings/vertex/client.go:100.2,100.24 1 0
github.com/emergent/emergent-core/pkg/embeddings/vertex/client.go:100.24,102.3 1 0
github.com/emergent/emergent-core/pkg/embeddings/vertex/client.go:103.2,103.21 1 0
github.com/emergent/emergent-core/pkg/embeddings/vertex/client.go:103.21,105.3 1 0
github.com/emergent/emergent-core/pkg/embeddings/vertex/client.go:106.2,106.22 1 0
github.com/emergent/emergent-core/pkg/embeddings/vertex/client.go:106.22,108.3 1 0
github.com/emergent/emergent-core/pkg/embeddings/vertex/client.go:111.2,112.16 2 0
github.com/emergent/emergent-core/pkg/embeddings/vertex/client.go:112.16,114.3 1 0
github.com/emergent/emergent-core/pkg/embeddings/vertex/client.go:116.2,130.27 2 0
github.com/emergent/emergent-core/pkg/embeddings/vertex/client.go:130.27,132.3 1 0
github.com/emergent/emergent-core/pkg/embeddings/vertex/client.go:134.2,134.15 1 0
github.com/emergent/emergent-core/pkg/embeddings/vertex/client.go:184.83,186.16 2 0
github.com/emergent/emergent-core/pkg/embeddings/vertex/client.go:186.16,188.3 1 0
github.com/emergent/emergent-core/pkg/embeddings/vertex/client.go:189.2,189.30 1 0
github.com/emergent/emergent-core/pkg/embeddings/vertex/client.go:193.95,195.16 2 0
github.com/emergent/emergent-core/pkg/embeddings/vertex/client.go:195.16,197.3 1 0
github.com/emergent/emergent-core/pkg/embeddings/vertex/client.go:198.2,198.33 1 0
github.com/emergent/emergent-core/pkg/embeddings/vertex/client.go:198.33,200.3 1 0
github.com/emergent/emergent-core/pkg/embeddings/vertex/client.go:201.2,204.8 1 0
github.com/emergent/emergent-core/pkg/embeddings/vertex/client.go:208.95,210.16 2 0
github.com/emergent/emergent-core/pkg/embeddings/vertex/client.go:210.16,212.3 1 0
github.com/emergent/emergent-core/pkg/embeddings/vertex/client.go:213.2,213.31 1 0
github.com/emergent/emergent-core/pkg/embeddings/vertex/client.go:217.110,218.25 1 0
github.com/emergent/emergent-core/pkg/embeddings/vertex/client.go:218.25,223.3 1 0
github.com/emergent/emergent-core/pkg/embeddings/vertex/client.go:226.2,229.56 3 0
github.com/emergent/emergent-core/pkg/embeddings/vertex/client.go:229.56,231.27 2 0
github.com/emergent/emergent-core/pkg/embeddings/vertex/client.go:231.27,233.4 1 0
github.com/emergent/emergent-core/pkg/embeddings/vertex/client.go:234.3,237.17 3 0
github.com/emergent/emergent-core/pkg/embeddings/vertex/client.go:237.17,239.4 1 0
github.com/emergent/emergent-core/pkg/embeddings/vertex/client.go:241.3,242.24 2 0
github.com/emergent/emergent-core/pkg/embeddings/vertex/client.go:245.2,251.8 1 0
github.com/emergent/emergent-core/pkg/embeddings/vertex/client.go:255.96,263.32 3 0
github.com/emergent/emergent-core/pkg/embeddings/vertex/client.go:263.32,268.3 1 0
github.com/emergent/emergent-core/pkg/embeddings/vertex/client.go:270.2,272.16 3 0
github.com/emergent/emergent-core/pkg/embeddings/vertex/client.go:272.16,274.3 1 0
github.com/emergent/emergent-core/pkg/embeddings/vertex/client.go:277.2,280.55 3 0
github.com/emergent/emergent-core/pkg/embeddings/vertex/client.go:280.55,281.18 1 0
github.com/emergent/emergent-core/pkg/embeddings/vertex/client.go:281.18,287.11 3 0
github.com/emergent/emergent-core/pkg/embeddings/vertex/client.go:288.22,289.29 1 0
github.com/emergent/emergent-core/pkg/embeddings/vertex/client.go:290.29,290.29 0 0
github.com/emergent/emergent-core/pkg/embeddings/vertex/client.go:294.3,295.21 2 0
github.com/emergent/emergent-core/pkg/embeddings/vertex/client.go:295.21,296.9 1 0
github.com/emergent/emergent-core/pkg/embeddings/vertex/client.go:300.3,300.23 1 0
github.com/emergent/emergent-core/pkg/embeddings/vertex/client.go:300.23,302.4 1 0
github.com/emergent/emergent-core/pkg/embeddings/vertex/client.go:304.3,307.4 1 0
github.com/emergent/emergent-core/pkg/embeddings/vertex/client.go:310.2,310.20 1 0
github.com/emergent/emergent-core/pkg/embeddings/vertex/client.go:310.20,312.3 1 0
github.com/emergent/emergent-core/pkg/embeddings/vertex/client.go:315.2,318.40 3 0
github.com/emergent/emergent-core/pkg/embeddings/vertex/client.go:318.40,321.3 2 0
github.com/emergent/emergent-core/pkg/embeddings/vertex/client.go:323.2,323.37 1 0
github.com/emergent/emergent-core/pkg/embeddings/vertex/client.go:327.100,330.16 2 0
github.com/emergent/emergent-core/pkg/embeddings/vertex/client.go:330.16,332.3 1 0
github.com/emergent/emergent-core/pkg/embeddings/vertex/client.go:334.2,335.16 2 0
github.com/emergent/emergent-core/pkg/embeddings/vertex/client.go:335.16,337.3 1 0
github.com/emergent/emergent-core/pkg/embeddings/vertex/client.go:339.2,343.16 4 0
github.com/emergent/emergent-core/pkg/embeddings/vertex/client.go:343.16,345.3 1 0
github.com/emergent/emergent-core/pkg/embeddings/vertex/client.go:346.2,349.16 3 0
github.com/emergent/emergent-core/pkg/embeddings/vertex/client.go:349.16,351.3 1 0
github.com/emergent/emergent-core/pkg/embeddings/vertex/client.go:353.2,353.38 1 0
github.com/emergent/emergent-core/pkg/embeddings/vertex/client.go:353.38,357.27 1 0
github.com/emergent/emergent-core/pkg/embeddings/vertex/client.go:357.27,362.4 1 0
github.com/emergent/emergent-core/pkg/embeddings/vertex/client.go:363.3,363.80 1 0
github.com/emergent/emergent-core/pkg/embeddings/vertex/client.go:366.2,367.58 2 0
github.com/emergent/emergent-core/pkg/embeddings/vertex/client.go:367.58,369.3 1 0
github.com/emergent/emergent-core/pkg/embeddings/vertex/client.go:371.2,371.21 1 0
github.com/emergent/emergent-core/pkg/embeddings/vertex/client.go:375.62,377.33 2 1
github.com/emergent/emergent-core/pkg/embeddings/vertex/client.go:377.33,379.3 1 1
github.com/emergent/emergent-core/pkg/embeddings/vertex/client.go:380.2,380.29 1 1
github.com/emergent/emergent-core/pkg/embeddings/vertex/client.go:389.41,391.2 1 1
