mode: set
github.com/emergent/emergent-core/internal/jobs/queue.go:50.71,59.2 1 1
github.com/emergent/emergent-core/internal/jobs/queue.go:70.72,72.35 1 0
github.com/emergent/emergent-core/internal/jobs/queue.go:72.35,74.3 1 0
github.com/emergent/emergent-core/internal/jobs/queue.go:75.2,75.34 1 0
github.com/emergent/emergent-core/internal/jobs/queue.go:75.34,77.3 1 0
github.com/emergent/emergent-core/internal/jobs/queue.go:78.2,78.27 1 0
github.com/emergent/emergent-core/internal/jobs/queue.go:78.27,80.3 1 0
github.com/emergent/emergent-core/internal/jobs/queue.go:82.2,86.3 1 0
github.com/emergent/emergent-core/internal/jobs/queue.go:112.79,113.20 1 0
github.com/emergent/emergent-core/internal/jobs/queue.go:113.20,115.3 1 0
github.com/emergent/emergent-core/internal/jobs/queue.go:118.2,134.16 4 0
github.com/emergent/emergent-core/internal/jobs/queue.go:134.16,136.3 1 0
github.com/emergent/emergent-core/internal/jobs/queue.go:138.2,138.17 1 0
github.com/emergent/emergent-core/internal/jobs/queue.go:142.69,152.16 3 0
github.com/emergent/emergent-core/internal/jobs/queue.go:152.16,154.3 1 0
github.com/emergent/emergent-core/internal/jobs/queue.go:156.2,156.12 1 0
github.com/emergent/emergent-core/internal/jobs/queue.go:160.64,170.16 3 0
github.com/emergent/emergent-core/internal/jobs/queue.go:170.16,172.3 1 0
github.com/emergent/emergent-core/internal/jobs/queue.go:174.2,174.12 1 0
github.com/emergent/emergent-core/internal/jobs/queue.go:179.99,183.65 2 0
github.com/emergent/emergent-core/internal/jobs/queue.go:183.65,194.17 3 0
github.com/emergent/emergent-core/internal/jobs/queue.go:194.17,196.4 1 0
github.com/emergent/emergent-core/internal/jobs/queue.go:198.3,203.13 2 0
github.com/emergent/emergent-core/internal/jobs/queue.go:207.2,223.16 4 0
github.com/emergent/emergent-core/internal/jobs/queue.go:223.16,225.3 1 0
github.com/emergent/emergent-core/internal/jobs/queue.go:227.2,232.12 2 0
github.com/emergent/emergent-core/internal/jobs/queue.go:238.95,239.32 1 0
github.com/emergent/emergent-core/internal/jobs/queue.go:239.32,241.3 1 0
github.com/emergent/emergent-core/internal/jobs/queue.go:243.2,254.16 3 0
github.com/emergent/emergent-core/internal/jobs/queue.go:254.16,256.3 1 0
github.com/emergent/emergent-core/internal/jobs/queue.go:258.2,260.15 2 0
github.com/emergent/emergent-core/internal/jobs/queue.go:260.15,264.3 1 0
github.com/emergent/emergent-core/internal/jobs/queue.go:266.2,266.24 1 0
github.com/emergent/emergent-core/internal/jobs/queue.go:278.63,290.16 4 0
github.com/emergent/emergent-core/internal/jobs/queue.go:290.16,292.3 1 0
github.com/emergent/emergent-core/internal/jobs/queue.go:294.2,294.19 1 0
github.com/emergent/emergent-core/internal/jobs/queue.go:299.84,302.26 3 0
github.com/emergent/emergent-core/internal/jobs/queue.go:302.26,304.3 1 0
github.com/emergent/emergent-core/internal/jobs/queue.go:305.2,305.12 1 0
github.com/emergent/emergent-core/internal/jobs/queue.go:309.39,310.20 1 1
github.com/emergent/emergent-core/internal/jobs/queue.go:310.20,312.3 1 1
github.com/emergent/emergent-core/internal/jobs/queue.go:313.2,313.12 1 1
github.com/emergent/emergent-core/internal/jobs/worker.go:26.52,34.2 1 1
github.com/emergent/emergent-core/internal/jobs/worker.go:60.104,62.30 1 0
github.com/emergent/emergent-core/internal/jobs/worker.go:62.30,64.3 1 0
github.com/emergent/emergent-core/internal/jobs/worker.go:65.2,65.27 1 0
github.com/emergent/emergent-core/internal/jobs/worker.go:65.27,67.3 1 0
github.com/emergent/emergent-core/internal/jobs/worker.go:68.2,68.39 1 0
github.com/emergent/emergent-core/internal/jobs/worker.go:68.39,70.3 1 0
github.com/emergent/emergent-core/internal/jobs/worker.go:72.2,78.3 1 0
github.com/emergent/emergent-core/internal/jobs/worker.go:82.51,84.15 2 0
github.com/emergent/emergent-core/internal/jobs/worker.go:84.15,87.3 2 0
github.com/emergent/emergent-core/internal/jobs/worker.go:88.2,100.12 8 0
github.com/emergent/emergent-core/internal/jobs/worker.go:104.50,106.16 2 0
github.com/emergent/emergent-core/internal/jobs/worker.go:106.16,109.3 2 0
github.com/emergent/emergent-core/internal/jobs/worker.go:110.2,117.9 5 0
github.com/emergent/emergent-core/internal/jobs/worker.go:118.21,119.42 1 0
github.com/emergent/emergent-core/internal/jobs/worker.go:120.20,121.54 1 0
github.com/emergent/emergent-core/internal/jobs/worker.go:124.2,124.12 1 0
github.com/emergent/emergent-core/internal/jobs/worker.go:128.43,135.6 5 0
github.com/emergent/emergent-core/internal/jobs/worker.go:135.6,136.10 1 0
github.com/emergent/emergent-core/internal/jobs/worker.go:137.19,138.10 1 0
github.com/emergent/emergent-core/internal/jobs/worker.go:139.21,140.10 1 0
github.com/emergent/emergent-core/internal/jobs/worker.go:141.19,142.46 1 0
github.com/emergent/emergent-core/internal/jobs/worker.go:142.46,144.5 1 0
github.com/emergent/emergent-core/internal/jobs/worker.go:150.58,152.9 1 0
github.com/emergent/emergent-core/internal/jobs/worker.go:153.18,154.13 1 0
github.com/emergent/emergent-core/internal/jobs/worker.go:155.20,156.19 1 0
github.com/emergent/emergent-core/internal/jobs/worker.go:157.10,157.10 0 0
github.com/emergent/emergent-core/internal/jobs/worker.go:160.2,160.23 1 0
github.com/emergent/emergent-core/internal/jobs/worker.go:164.42,173.2 3 1
github.com/emergent/emergent-core/internal/jobs/worker.go:176.39,180.2 3 1
github.com/emergent/emergent-core/internal/jobs/worker.go:183.37,188.2 4 1
github.com/emergent/emergent-core/internal/jobs/worker.go:191.37,196.2 4 1
github.com/emergent/emergent-core/internal/jobs/worker.go:199.35,203.2 3 1
