mode: set
github.com/emergent/emergent-core/domain/search/handler.go:19.40,21.2 1 0
github.com/emergent/emergent-core/domain/search/handler.go:35.48,38.17 2 0
github.com/emergent/emergent-core/domain/search/handler.go:38.17,40.3 1 0
github.com/emergent/emergent-core/domain/search/handler.go:43.2,44.16 2 0
github.com/emergent/emergent-core/domain/search/handler.go:44.16,46.3 1 0
github.com/emergent/emergent-core/domain/search/handler.go:48.2,49.16 2 0
github.com/emergent/emergent-core/domain/search/handler.go:49.16,51.3 1 0
github.com/emergent/emergent-core/domain/search/handler.go:54.2,55.22 2 0
github.com/emergent/emergent-core/domain/search/handler.go:55.22,57.17 2 0
github.com/emergent/emergent-core/domain/search/handler.go:57.17,59.4 1 0
github.com/emergent/emergent-core/domain/search/handler.go:63.2,64.37 2 0
github.com/emergent/emergent-core/domain/search/handler.go:64.37,66.3 1 0
github.com/emergent/emergent-core/domain/search/handler.go:69.2,69.21 1 0
github.com/emergent/emergent-core/domain/search/handler.go:69.21,71.3 1 0
github.com/emergent/emergent-core/domain/search/handler.go:72.2,72.26 1 0
github.com/emergent/emergent-core/domain/search/handler.go:72.26,74.3 1 0
github.com/emergent/emergent-core/domain/search/handler.go:77.2,78.19 2 0
github.com/emergent/emergent-core/domain/search/handler.go:78.19,80.3 1 0
github.com/emergent/emergent-core/domain/search/handler.go:83.2,83.59 1 0
github.com/emergent/emergent-core/domain/search/handler.go:83.59,85.3 1 0
github.com/emergent/emergent-core/domain/search/handler.go:88.2,96.16 3 0
github.com/emergent/emergent-core/domain/search/handler.go:96.16,98.3 1 0
github.com/emergent/emergent-core/domain/search/handler.go:100.2,100.40 1 0
github.com/emergent/emergent-core/domain/search/handler.go:104.51,105.27 1 1
github.com/emergent/emergent-core/domain/search/handler.go:105.27,106.17 1 1
github.com/emergent/emergent-core/domain/search/handler.go:106.17,108.4 1 1
github.com/emergent/emergent-core/domain/search/handler.go:110.2,110.14 1 1
github.com/emergent/emergent-core/domain/search/repository.go:24.62,29.2 1 0
github.com/emergent/emergent-core/domain/search/repository.go:68.111,83.16 4 0
github.com/emergent/emergent-core/domain/search/repository.go:83.16,86.3 2 0
github.com/emergent/emergent-core/domain/search/repository.go:87.2,90.18 3 0
github.com/emergent/emergent-core/domain/search/repository.go:90.18,92.101 2 0
github.com/emergent/emergent-core/domain/search/repository.go:92.101,95.4 2 0
github.com/emergent/emergent-core/domain/search/repository.go:96.3,106.5 3 0
github.com/emergent/emergent-core/domain/search/repository.go:109.2,109.35 1 0
github.com/emergent/emergent-core/domain/search/repository.go:109.35,111.3 1 0
github.com/emergent/emergent-core/domain/search/repository.go:113.2,117.8 1 0
github.com/emergent/emergent-core/domain/search/repository.go:121.110,122.29 1 0
github.com/emergent/emergent-core/domain/search/repository.go:122.29,124.3 1 0
github.com/emergent/emergent-core/domain/search/repository.go:126.2,142.16 5 0
github.com/emergent/emergent-core/domain/search/repository.go:142.16,145.3 2 0
github.com/emergent/emergent-core/domain/search/repository.go:146.2,149.18 3 0
github.com/emergent/emergent-core/domain/search/repository.go:149.18,151.101 2 0
github.com/emergent/emergent-core/domain/search/repository.go:151.101,154.4 2 0
github.com/emergent/emergent-core/domain/search/repository.go:155.3,165.5 3 0
github.com/emergent/emergent-core/domain/search/repository.go:168.2,168.35 1 0
github.com/emergent/emergent-core/domain/search/repository.go:168.35,170.3 1 0
github.com/emergent/emergent-core/domain/search/repository.go:172.2,176.8 1 0
github.com/emergent/emergent-core/domain/search/repository.go:180.110,181.29 1 0
github.com/emergent/emergent-core/domain/search/repository.go:181.29,184.3 1 0
github.com/emergent/emergent-core/domain/search/repository.go:186.2,195.24 6 0
github.com/emergent/emergent-core/domain/search/repository.go:195.24,197.3 1 0
github.com/emergent/emergent-core/domain/search/repository.go:198.2,198.23 1 0
github.com/emergent/emergent-core/domain/search/repository.go:198.23,200.3 1 0
github.com/emergent/emergent-core/domain/search/repository.go:203.2,214.16 3 0
github.com/emergent/emergent-core/domain/search/repository.go:214.16,217.3 2 0
github.com/emergent/emergent-core/domain/search/repository.go:219.2,221.25 3 0
github.com/emergent/emergent-core/domain/search/repository.go:221.25,223.108 2 0
github.com/emergent/emergent-core/domain/search/repository.go:223.108,226.4 2 0
github.com/emergent/emergent-core/domain/search/repository.go:227.3,234.51 2 0
github.com/emergent/emergent-core/domain/search/repository.go:236.2,250.16 4 0
github.com/emergent/emergent-core/domain/search/repository.go:250.16,253.3 2 0
github.com/emergent/emergent-core/domain/search/repository.go:255.2,256.24 2 0
github.com/emergent/emergent-core/domain/search/repository.go:256.24,258.107 2 0
github.com/emergent/emergent-core/domain/search/repository.go:258.107,261.4 2 0
github.com/emergent/emergent-core/domain/search/repository.go:262.3,262.49 1 0
github.com/emergent/emergent-core/domain/search/repository.go:262.49,264.4 1 0
github.com/emergent/emergent-core/domain/search/repository.go:264.9,272.4 1 0
github.com/emergent/emergent-core/domain/search/repository.go:273.3,273.49 1 0
github.com/emergent/emergent-core/domain/search/repository.go:275.2,283.35 5 0
github.com/emergent/emergent-core/domain/search/repository.go:283.35,286.43 2 0
github.com/emergent/emergent-core/domain/search/repository.go:286.43,289.4 2 0
github.com/emergent/emergent-core/domain/search/repository.go:291.3,292.41 2 0
github.com/emergent/emergent-core/domain/search/repository.go:292.41,295.4 2 0
github.com/emergent/emergent-core/domain/search/repository.go:298.3,299.37 2 0
github.com/emergent/emergent-core/domain/search/repository.go:303.2,303.45 1 0
github.com/emergent/emergent-core/domain/search/repository.go:303.45,305.3 1 0
github.com/emergent/emergent-core/domain/search/repository.go:308.2,308.29 1 0
github.com/emergent/emergent-core/domain/search/repository.go:308.29,310.3 1 0
github.com/emergent/emergent-core/domain/search/repository.go:313.2,315.31 3 0
github.com/emergent/emergent-core/domain/search/repository.go:315.31,326.3 2 0
github.com/emergent/emergent-core/domain/search/repository.go:328.2,332.8 1 0
github.com/emergent/emergent-core/domain/search/routes.go:10.86,20.2 6 0
github.com/emergent/emergent-core/domain/search/service.go:30.12,37.2 1 0
github.com/emergent/emergent-core/domain/search/service.go:40.153,45.16 3 0
github.com/emergent/emergent-core/domain/search/service.go:45.16,47.3 1 0
github.com/emergent/emergent-core/domain/search/service.go:48.2,48.17 1 0
github.com/emergent/emergent-core/domain/search/service.go:48.17,50.3 1 0
github.com/emergent/emergent-core/domain/search/service.go:52.2,53.23 2 0
github.com/emergent/emergent-core/domain/search/service.go:53.23,55.3 1 0
github.com/emergent/emergent-core/domain/search/service.go:57.2,58.26 2 0
github.com/emergent/emergent-core/domain/search/service.go:58.26,60.3 1 0
github.com/emergent/emergent-core/domain/search/service.go:63.2,81.12 5 0
github.com/emergent/emergent-core/domain/search/service.go:81.12,82.36 1 0
github.com/emergent/emergent-core/domain/search/service.go:82.36,85.4 2 0
github.com/emergent/emergent-core/domain/search/service.go:86.3,88.101 3 0
github.com/emergent/emergent-core/domain/search/service.go:92.2,92.12 1 0
github.com/emergent/emergent-core/domain/search/service.go:92.12,93.37 1 0
github.com/emergent/emergent-core/domain/search/service.go:93.37,96.4 2 0
github.com/emergent/emergent-core/domain/search/service.go:97.3,99.111 3 0
github.com/emergent/emergent-core/domain/search/service.go:103.2,106.25 3 0
github.com/emergent/emergent-core/domain/search/service.go:106.25,108.3 1 0
github.com/emergent/emergent-core/domain/search/service.go:109.2,109.24 1 0
github.com/emergent/emergent-core/domain/search/service.go:109.24,111.3 1 0
github.com/emergent/emergent-core/domain/search/service.go:114.2,116.96 3 0
github.com/emergent/emergent-core/domain/search/service.go:116.96,120.3 3 0
github.com/emergent/emergent-core/domain/search/service.go:123.2,130.33 6 0
github.com/emergent/emergent-core/domain/search/service.go:130.33,131.30 1 0
github.com/emergent/emergent-core/domain/search/service.go:131.30,133.4 1 0
github.com/emergent/emergent-core/domain/search/service.go:133.9,135.4 1 0
github.com/emergent/emergent-core/domain/search/service.go:139.2,150.35 2 0
github.com/emergent/emergent-core/domain/search/service.go:150.35,153.3 2 0
github.com/emergent/emergent-core/domain/search/service.go:154.2,154.36 1 0
github.com/emergent/emergent-core/domain/search/service.go:154.36,157.3 2 0
github.com/emergent/emergent-core/domain/search/service.go:158.2,158.29 1 0
github.com/emergent/emergent-core/domain/search/service.go:158.29,161.3 2 0
github.com/emergent/emergent-core/domain/search/service.go:164.2,165.22 2 0
github.com/emergent/emergent-core/domain/search/service.go:165.22,167.3 1 0
github.com/emergent/emergent-core/domain/search/service.go:169.2,173.8 1 0
github.com/emergent/emergent-core/domain/search/service.go:177.175,180.25 2 0
github.com/emergent/emergent-core/domain/search/service.go:180.25,182.17 2 0
github.com/emergent/emergent-core/domain/search/service.go:182.17,185.4 1 0
github.com/emergent/emergent-core/domain/search/service.go:185.9,187.4 1 0
github.com/emergent/emergent-core/domain/search/service.go:191.2,199.16 3 0
github.com/emergent/emergent-core/domain/search/service.go:199.16,201.3 1 0
github.com/emergent/emergent-core/domain/search/service.go:204.2,205.39 2 0
github.com/emergent/emergent-core/domain/search/service.go:205.39,207.29 2 0
github.com/emergent/emergent-core/domain/search/service.go:207.29,209.4 1 0
github.com/emergent/emergent-core/domain/search/service.go:210.3,221.4 1 0
github.com/emergent/emergent-core/domain/search/service.go:225.2,226.22 2 0
github.com/emergent/emergent-core/domain/search/service.go:226.22,228.3 1 0
github.com/emergent/emergent-core/domain/search/service.go:230.2,230.31 1 0
github.com/emergent/emergent-core/domain/search/service.go:234.148,237.25 2 0
github.com/emergent/emergent-core/domain/search/service.go:237.25,239.17 2 0
github.com/emergent/emergent-core/domain/search/service.go:239.17,242.4 1 0
github.com/emergent/emergent-core/domain/search/service.go:242.9,244.4 1 0
github.com/emergent/emergent-core/domain/search/service.go:248.2,261.21 4 0
github.com/emergent/emergent-core/domain/search/service.go:261.21,263.3 1 0
github.com/emergent/emergent-core/domain/search/service.go:263.8,265.3 1 0
github.com/emergent/emergent-core/domain/search/service.go:267.2,267.16 1 0
github.com/emergent/emergent-core/domain/search/service.go:267.16,269.3 1 0
github.com/emergent/emergent-core/domain/search/service.go:272.2,273.22 2 0
github.com/emergent/emergent-core/domain/search/service.go:273.22,275.3 1 0
github.com/emergent/emergent-core/domain/search/service.go:277.2,277.55 1 0
github.com/emergent/emergent-core/domain/search/service.go:281.189,282.65 1 0
github.com/emergent/emergent-core/domain/search/service.go:282.65,284.3 1 0
github.com/emergent/emergent-core/domain/search/service.go:287.2,288.28 2 0
github.com/emergent/emergent-core/domain/search/service.go:288.28,290.3 1 0
github.com/emergent/emergent-core/domain/search/service.go:293.2,295.34 2 0
github.com/emergent/emergent-core/domain/search/service.go:295.34,297.17 2 0
github.com/emergent/emergent-core/domain/search/service.go:297.17,299.12 2 0
github.com/emergent/emergent-core/domain/search/service.go:302.3,305.90 2 0
github.com/emergent/emergent-core/domain/search/service.go:305.90,306.43 1 0
github.com/emergent/emergent-core/domain/search/service.go:306.43,313.5 1 0
github.com/emergent/emergent-core/domain/search/service.go:317.3,317.91 1 0
github.com/emergent/emergent-core/domain/search/service.go:317.91,318.43 1 0
github.com/emergent/emergent-core/domain/search/service.go:318.43,325.5 1 0
github.com/emergent/emergent-core/domain/search/service.go:329.3,329.67 1 0
github.com/emergent/emergent-core/domain/search/service.go:329.67,331.4 1 0
github.com/emergent/emergent-core/domain/search/service.go:333.3,333.41 1 0
github.com/emergent/emergent-core/domain/search/service.go:337.2,337.28 1 0
github.com/emergent/emergent-core/domain/search/service.go:337.28,338.50 1 0
github.com/emergent/emergent-core/domain/search/service.go:338.50,340.4 1 0
github.com/emergent/emergent-core/domain/search/service.go:343.2,343.16 1 0
github.com/emergent/emergent-core/domain/search/service.go:347.212,348.18 1 1
github.com/emergent/emergent-core/domain/search/service.go:349.30,350.67 1 1
github.com/emergent/emergent-core/domain/search/service.go:351.25,352.53 1 1
github.com/emergent/emergent-core/domain/search/service.go:353.32,354.60 1 1
github.com/emergent/emergent-core/domain/search/service.go:355.32,356.60 1 1
github.com/emergent/emergent-core/domain/search/service.go:357.31,358.59 1 1
github.com/emergent/emergent-core/domain/search/service.go:359.10,360.67 1 1
github.com/emergent/emergent-core/domain/search/service.go:365.175,368.20 3 1
github.com/emergent/emergent-core/domain/search/service.go:368.20,369.30 1 1
github.com/emergent/emergent-core/domain/search/service.go:369.30,371.4 1 1
github.com/emergent/emergent-core/domain/search/service.go:372.3,372.29 1 1
github.com/emergent/emergent-core/domain/search/service.go:372.29,374.4 1 1
github.com/emergent/emergent-core/domain/search/service.go:378.2,379.21 2 1
github.com/emergent/emergent-core/domain/search/service.go:379.21,382.3 2 1
github.com/emergent/emergent-core/domain/search/service.go:385.2,392.33 3 1
github.com/emergent/emergent-core/domain/search/service.go:392.33,398.3 2 1
github.com/emergent/emergent-core/domain/search/service.go:400.2,400.32 1 1
github.com/emergent/emergent-core/domain/search/service.go:400.32,406.3 2 1
github.com/emergent/emergent-core/domain/search/service.go:409.2,409.43 1 1
github.com/emergent/emergent-core/domain/search/service.go:409.43,411.3 1 1
github.com/emergent/emergent-core/domain/search/service.go:414.2,414.27 1 1
github.com/emergent/emergent-core/domain/search/service.go:414.27,416.3 1 1
github.com/emergent/emergent-core/domain/search/service.go:419.2,420.29 2 1
github.com/emergent/emergent-core/domain/search/service.go:420.29,423.3 2 1
github.com/emergent/emergent-core/domain/search/service.go:425.2,425.16 1 1
github.com/emergent/emergent-core/domain/search/service.go:429.139,438.33 3 1
github.com/emergent/emergent-core/domain/search/service.go:438.33,445.3 3 1
github.com/emergent/emergent-core/domain/search/service.go:448.2,448.32 1 1
github.com/emergent/emergent-core/domain/search/service.go:448.32,452.39 3 1
github.com/emergent/emergent-core/domain/search/service.go:452.39,456.4 2 1
github.com/emergent/emergent-core/domain/search/service.go:456.9,462.4 2 1
github.com/emergent/emergent-core/domain/search/service.go:466.2,472.30 3 1
github.com/emergent/emergent-core/domain/search/service.go:472.30,474.3 1 1
github.com/emergent/emergent-core/domain/search/service.go:476.2,476.42 1 1
github.com/emergent/emergent-core/domain/search/service.go:476.42,478.3 1 1
github.com/emergent/emergent-core/domain/search/service.go:481.2,481.26 1 1
github.com/emergent/emergent-core/domain/search/service.go:481.26,483.3 1 1
github.com/emergent/emergent-core/domain/search/service.go:485.2,486.28 2 1
github.com/emergent/emergent-core/domain/search/service.go:486.28,489.3 2 1
github.com/emergent/emergent-core/domain/search/service.go:491.2,491.16 1 1
github.com/emergent/emergent-core/domain/search/service.go:495.146,501.27 4 1
github.com/emergent/emergent-core/domain/search/service.go:501.27,503.35 1 1
github.com/emergent/emergent-core/domain/search/service.go:503.35,506.4 2 1
github.com/emergent/emergent-core/domain/search/service.go:507.3,507.28 1 1
github.com/emergent/emergent-core/domain/search/service.go:507.28,508.9 1 1
github.com/emergent/emergent-core/domain/search/service.go:512.3,512.33 1 1
github.com/emergent/emergent-core/domain/search/service.go:512.33,515.4 2 1
github.com/emergent/emergent-core/domain/search/service.go:516.3,516.28 1 1
github.com/emergent/emergent-core/domain/search/service.go:516.28,517.9 1 1
github.com/emergent/emergent-core/domain/search/service.go:521.3,521.67 1 1
github.com/emergent/emergent-core/domain/search/service.go:521.67,522.9 1 1
github.com/emergent/emergent-core/domain/search/service.go:526.2,526.16 1 1
github.com/emergent/emergent-core/domain/search/service.go:530.146,533.33 2 1
github.com/emergent/emergent-core/domain/search/service.go:533.33,534.28 1 1
github.com/emergent/emergent-core/domain/search/service.go:534.28,535.9 1 1
github.com/emergent/emergent-core/domain/search/service.go:537.3,537.52 1 1
github.com/emergent/emergent-core/domain/search/service.go:540.2,540.32 1 1
github.com/emergent/emergent-core/domain/search/service.go:540.32,541.28 1 1
github.com/emergent/emergent-core/domain/search/service.go:541.28,542.9 1 1
github.com/emergent/emergent-core/domain/search/service.go:544.3,544.51 1 1
github.com/emergent/emergent-core/domain/search/service.go:547.2,547.16 1 1
github.com/emergent/emergent-core/domain/search/service.go:551.145,554.32 2 1
github.com/emergent/emergent-core/domain/search/service.go:554.32,555.28 1 1
github.com/emergent/emergent-core/domain/search/service.go:555.28,556.9 1 1
github.com/emergent/emergent-core/domain/search/service.go:558.3,558.51 1 1
github.com/emergent/emergent-core/domain/search/service.go:561.2,561.33 1 1
github.com/emergent/emergent-core/domain/search/service.go:561.33,562.28 1 1
github.com/emergent/emergent-core/domain/search/service.go:562.28,563.9 1 1
github.com/emergent/emergent-core/domain/search/service.go:565.3,565.52 1 1
github.com/emergent/emergent-core/domain/search/service.go:568.2,568.16 1 1
github.com/emergent/emergent-core/domain/search/service.go:572.90,586.2 1 1
github.com/emergent/emergent-core/domain/search/service.go:589.81,600.2 2 1
github.com/emergent/emergent-core/domain/search/service.go:603.246,607.51 2 0
github.com/emergent/emergent-core/domain/search/service.go:607.51,610.28 2 0
github.com/emergent/emergent-core/domain/search/service.go:610.28,612.35 2 0
github.com/emergent/emergent-core/domain/search/service.go:612.35,614.5 1 0
github.com/emergent/emergent-core/domain/search/service.go:615.4,616.73 2 0
github.com/emergent/emergent-core/domain/search/service.go:619.3,619.27 1 0
github.com/emergent/emergent-core/domain/search/service.go:619.27,621.34 2 0
github.com/emergent/emergent-core/domain/search/service.go:621.34,623.5 1 0
github.com/emergent/emergent-core/domain/search/service.go:624.4,625.72 2 0
github.com/emergent/emergent-core/domain/search/service.go:630.2,645.3 2 0
github.com/emergent/emergent-core/domain/search/service.go:649.64,650.22 1 1
github.com/emergent/emergent-core/domain/search/service.go:650.22,652.3 1 1
github.com/emergent/emergent-core/domain/search/service.go:654.2,658.27 4 1
github.com/emergent/emergent-core/domain/search/service.go:658.27,659.14 1 1
github.com/emergent/emergent-core/domain/search/service.go:659.14,661.4 1 1
github.com/emergent/emergent-core/domain/search/service.go:662.3,662.14 1 1
github.com/emergent/emergent-core/domain/search/service.go:662.14,664.4 1 1
github.com/emergent/emergent-core/domain/search/service.go:665.3,665.11 1 1
github.com/emergent/emergent-core/domain/search/service.go:668.2,669.23 2 1
