mode: set
github.com/emergent/emergent-core/internal/storage/storage.go:38.33,40.2 1 1
github.com/emergent/emergent-core/internal/storage/storage.go:43.26,45.18 2 0
github.com/emergent/emergent-core/internal/storage/storage.go:45.18,47.3 1 0
github.com/emergent/emergent-core/internal/storage/storage.go:49.2,50.22 2 0
github.com/emergent/emergent-core/internal/storage/storage.go:50.22,52.3 1 0
github.com/emergent/emergent-core/internal/storage/storage.go:54.2,55.22 2 0
github.com/emergent/emergent-core/internal/storage/storage.go:55.22,57.3 1 0
github.com/emergent/emergent-core/internal/storage/storage.go:59.2,66.3 1 0
github.com/emergent/emergent-core/internal/storage/storage.go:103.66,104.20 1 0
github.com/emergent/emergent-core/internal/storage/storage.go:104.20,110.3 2 0
github.com/emergent/emergent-core/internal/storage/storage.go:113.2,114.78 1 0
github.com/emergent/emergent-core/internal/storage/storage.go:114.78,120.4 1 0
github.com/emergent/emergent-core/internal/storage/storage.go:124.2,133.16 2 0
github.com/emergent/emergent-core/internal/storage/storage.go:133.16,135.3 1 0
github.com/emergent/emergent-core/internal/storage/storage.go:138.2,138.57 1 0
github.com/emergent/emergent-core/internal/storage/storage.go:138.57,140.3 1 0
github.com/emergent/emergent-core/internal/storage/storage.go:142.2,152.8 2 0
github.com/emergent/emergent-core/internal/storage/storage.go:156.34,158.2 1 1
github.com/emergent/emergent-core/internal/storage/storage.go:161.130,162.18 1 0
github.com/emergent/emergent-core/internal/storage/storage.go:162.18,164.3 1 0
github.com/emergent/emergent-core/internal/storage/storage.go:166.2,173.28 2 0
github.com/emergent/emergent-core/internal/storage/storage.go:173.28,175.3 1 0
github.com/emergent/emergent-core/internal/storage/storage.go:176.2,176.35 1 0
github.com/emergent/emergent-core/internal/storage/storage.go:176.35,178.3 1 0
github.com/emergent/emergent-core/internal/storage/storage.go:179.2,179.28 1 0
github.com/emergent/emergent-core/internal/storage/storage.go:179.28,181.3 1 0
github.com/emergent/emergent-core/internal/storage/storage.go:183.2,184.16 2 0
github.com/emergent/emergent-core/internal/storage/storage.go:184.16,190.3 2 0
github.com/emergent/emergent-core/internal/storage/storage.go:192.2,193.24 2 0
github.com/emergent/emergent-core/internal/storage/storage.go:193.24,195.3 1 0
github.com/emergent/emergent-core/internal/storage/storage.go:197.2,210.8 2 0
github.com/emergent/emergent-core/internal/storage/storage.go:214.134,220.64 3 0
github.com/emergent/emergent-core/internal/storage/storage.go:220.64,222.3 1 0
github.com/emergent/emergent-core/internal/storage/storage.go:224.2,224.51 1 0
github.com/emergent/emergent-core/internal/storage/storage.go:228.84,229.18 1 0
github.com/emergent/emergent-core/internal/storage/storage.go:229.18,231.3 1 0
github.com/emergent/emergent-core/internal/storage/storage.go:233.2,237.16 2 0
github.com/emergent/emergent-core/internal/storage/storage.go:237.16,243.3 2 0
github.com/emergent/emergent-core/internal/storage/storage.go:245.2,245.25 1 0
github.com/emergent/emergent-core/internal/storage/storage.go:249.65,250.18 1 0
github.com/emergent/emergent-core/internal/storage/storage.go:250.18,252.3 1 0
github.com/emergent/emergent-core/internal/storage/storage.go:254.2,258.16 2 0
github.com/emergent/emergent-core/internal/storage/storage.go:258.16,264.3 2 0
github.com/emergent/emergent-core/internal/storage/storage.go:266.2,267.12 2 0
github.com/emergent/emergent-core/internal/storage/storage.go:271.73,272.18 1 0
github.com/emergent/emergent-core/internal/storage/storage.go:272.18,274.3 1 0
github.com/emergent/emergent-core/internal/storage/storage.go:276.2,280.16 2 0
github.com/emergent/emergent-core/internal/storage/storage.go:280.16,283.119 2 0
github.com/emergent/emergent-core/internal/storage/storage.go:283.119,285.4 1 0
github.com/emergent/emergent-core/internal/storage/storage.go:286.3,286.58 1 0
github.com/emergent/emergent-core/internal/storage/storage.go:289.2,289.18 1 0
github.com/emergent/emergent-core/internal/storage/storage.go:294.68,298.2 3 1
github.com/emergent/emergent-core/internal/storage/storage.go:301.47,302.20 1 1
github.com/emergent/emergent-core/internal/storage/storage.go:302.20,304.3 1 1
github.com/emergent/emergent-core/internal/storage/storage.go:307.2,321.26 7 1
github.com/emergent/emergent-core/internal/storage/storage.go:321.26,323.3 1 1
github.com/emergent/emergent-core/internal/storage/storage.go:325.2,325.21 1 1
github.com/emergent/emergent-core/internal/storage/storage.go:325.21,327.3 1 1
github.com/emergent/emergent-core/internal/storage/storage.go:329.2,329.18 1 1
